2022-10-10 16:11:53,125  INFO [TestNG-tests-1] CasePageTest:73 - Chrome driver initiated........
2022-10-10 16:11:53,398  INFO [TestNG-tests-1] WebEventListener:48 - Property file path>>>>>>https://classic.crmpro.com/index.html
2022-10-10 16:12:20,493  INFO [TestNG-tests-1] WebEventListener:27 - application successfully opened
2022-10-10 16:12:20,497  INFO [TestNG-tests-1] TestUtil:48 - Property file path>>>>>>https://classic.crmpro.com/index.html
2022-10-10 16:12:20,612  INFO [TestNG-tests-1] LoginPage:48 - Property file path>>>>>>https://classic.crmpro.com/index.html
2022-10-10 16:12:23,327  INFO [TestNG-tests-1] HomePage:48 - Property file path>>>>>>https://classic.crmpro.com/index.html
2022-10-10 16:12:24,784  INFO [TestNG-tests-1] CasesPage:48 - Property file path>>>>>>https://classic.crmpro.com/index.html
2022-10-10 16:12:46,107  INFO [TestNG-tests-1] HomePage:48 - Property file path>>>>>>https://classic.crmpro.com/index.html
2022-10-10 16:12:55,514  INFO [TestNG-tests-1] HomePage:46 - New case page successfully opened
2022-10-10 16:13:06,573  INFO [TestNG-tests-1] HomePage:54 - case page checked ......
2022-10-10 16:13:38,324  INFO [TestNG-tests-1] HomePage:119 - Browser Terminated
2022-10-10 16:13:38,326  INFO [TestNG-tests-1] HomePage:120 - -----------------------------------------------
2022-10-10 16:13:39,300 DEBUG [TestNG-tests-1] cache:44 - Couldn't find template in cache for "spark/spark.spa.ftl"("en_IN", UTF-8, parsed); will try to load it.
2022-10-10 16:13:39,301 DEBUG [TestNG-tests-1] cache:44 - TemplateLoader.findTemplateSource("spark/spark.spa_en_IN.ftl"): Not found
2022-10-10 16:13:39,304 DEBUG [TestNG-tests-1] cache:44 - TemplateLoader.findTemplateSource("spark/spark.spa_en.ftl"): Not found
2022-10-10 16:13:39,306 DEBUG [TestNG-tests-1] cache:44 - TemplateLoader.findTemplateSource("spark/spark.spa.ftl"): Found
2022-10-10 16:13:39,308 DEBUG [TestNG-tests-1] cache:44 - Loading template for "spark/spark.spa.ftl"("en_IN", UTF-8, parsed) from "jar:file:/C:/Users/lamee/.m2/repository/com/aventstack/extentreports/4.1.7/extentreports-4.1.7.jar!/com/aventstack/extentreports/view/spark/spark.spa.ftl"
2022-10-10 16:13:41,121 DEBUG [TestNG-tests-1] cache:44 - Couldn't find template in cache for "commons/commons-variables.ftl"("en_IN", UTF-8, parsed); will try to load it.
2022-10-10 16:13:41,191 DEBUG [TestNG-tests-1] cache:44 - TemplateLoader.findTemplateSource("commons/commons-variables_en_IN.ftl"): Not found
2022-10-10 16:13:41,192 DEBUG [TestNG-tests-1] cache:44 - TemplateLoader.findTemplateSource("commons/commons-variables_en.ftl"): Not found
2022-10-10 16:13:41,195 DEBUG [TestNG-tests-1] cache:44 - TemplateLoader.findTemplateSource("commons/commons-variables.ftl"): Found
2022-10-10 16:13:41,196 DEBUG [TestNG-tests-1] cache:44 - Loading template for "commons/commons-variables.ftl"("en_IN", UTF-8, parsed) from "jar:file:/C:/Users/lamee/.m2/repository/com/aventstack/extentreports/4.1.7/extentreports-4.1.7.jar!/com/aventstack/extentreports/view/commons/commons-variables.ftl"
2022-10-10 16:13:41,914 DEBUG [TestNG-tests-1] cache:44 - Couldn't find template in cache for "commons/commons-macros.ftl"("en_IN", UTF-8, parsed); will try to load it.
2022-10-10 16:13:41,917 DEBUG [TestNG-tests-1] cache:44 - TemplateLoader.findTemplateSource("commons/commons-macros_en_IN.ftl"): Not found
2022-10-10 16:13:41,919 DEBUG [TestNG-tests-1] cache:44 - TemplateLoader.findTemplateSource("commons/commons-macros_en.ftl"): Not found
2022-10-10 16:13:41,920 DEBUG [TestNG-tests-1] cache:44 - TemplateLoader.findTemplateSource("commons/commons-macros.ftl"): Found
2022-10-10 16:13:41,921 DEBUG [TestNG-tests-1] cache:44 - Loading template for "commons/commons-macros.ftl"("en_IN", UTF-8, parsed) from "jar:file:/C:/Users/lamee/.m2/repository/com/aventstack/extentreports/4.1.7/extentreports-4.1.7.jar!/com/aventstack/extentreports/view/commons/commons-macros.ftl"
2022-10-10 16:13:41,977 DEBUG [TestNG-tests-1] cache:44 - Couldn't find template in cache for "spark/macros/attributes.ftl"("en_IN", UTF-8, parsed); will try to load it.
2022-10-10 16:13:41,978 DEBUG [TestNG-tests-1] cache:44 - TemplateLoader.findTemplateSource("spark/macros/attributes_en_IN.ftl"): Not found
2022-10-10 16:13:41,980 DEBUG [TestNG-tests-1] cache:44 - TemplateLoader.findTemplateSource("spark/macros/attributes_en.ftl"): Not found
2022-10-10 16:13:42,025 DEBUG [TestNG-tests-1] cache:44 - TemplateLoader.findTemplateSource("spark/macros/attributes.ftl"): Found
2022-10-10 16:13:42,026 DEBUG [TestNG-tests-1] cache:44 - Loading template for "spark/macros/attributes.ftl"("en_IN", UTF-8, parsed) from "jar:file:/C:/Users/lamee/.m2/repository/com/aventstack/extentreports/4.1.7/extentreports-4.1.7.jar!/com/aventstack/extentreports/view/spark/macros/attributes.ftl"
2022-10-10 16:13:42,033 DEBUG [TestNG-tests-1] cache:44 - Couldn't find template in cache for "spark/macros/log.ftl"("en_IN", UTF-8, parsed); will try to load it.
2022-10-10 16:13:42,035 DEBUG [TestNG-tests-1] cache:44 - TemplateLoader.findTemplateSource("spark/macros/log_en_IN.ftl"): Not found
2022-10-10 16:13:42,038 DEBUG [TestNG-tests-1] cache:44 - TemplateLoader.findTemplateSource("spark/macros/log_en.ftl"): Not found
2022-10-10 16:13:42,047 DEBUG [TestNG-tests-1] cache:44 - TemplateLoader.findTemplateSource("spark/macros/log.ftl"): Found
2022-10-10 16:13:42,048 DEBUG [TestNG-tests-1] cache:44 - Loading template for "spark/macros/log.ftl"("en_IN", UTF-8, parsed) from "jar:file:/C:/Users/lamee/.m2/repository/com/aventstack/extentreports/4.1.7/extentreports-4.1.7.jar!/com/aventstack/extentreports/view/spark/macros/log.ftl"
2022-10-10 16:13:42,054 DEBUG [TestNG-tests-1] cache:44 - Couldn't find template in cache for "spark/macros/recurse_nodes.ftl"("en_IN", UTF-8, parsed); will try to load it.
2022-10-10 16:13:42,055 DEBUG [TestNG-tests-1] cache:44 - TemplateLoader.findTemplateSource("spark/macros/recurse_nodes_en_IN.ftl"): Not found
2022-10-10 16:13:42,057 DEBUG [TestNG-tests-1] cache:44 - TemplateLoader.findTemplateSource("spark/macros/recurse_nodes_en.ftl"): Not found
2022-10-10 16:13:42,058 DEBUG [TestNG-tests-1] cache:44 - TemplateLoader.findTemplateSource("spark/macros/recurse_nodes.ftl"): Found
2022-10-10 16:13:42,059 DEBUG [TestNG-tests-1] cache:44 - Loading template for "spark/macros/recurse_nodes.ftl"("en_IN", UTF-8, parsed) from "jar:file:/C:/Users/lamee/.m2/repository/com/aventstack/extentreports/4.1.7/extentreports-4.1.7.jar!/com/aventstack/extentreports/view/spark/macros/recurse_nodes.ftl"
2022-10-10 16:13:42,065 DEBUG [TestNG-tests-1] cache:44 - "spark/macros/log.ftl"("en_IN", UTF-8, parsed) cached copy not yet stale; using cached.
2022-10-10 16:13:42,203 DEBUG [TestNG-tests-1] cache:44 - Couldn't find template in cache for "spark/partials/head.ftl"("en_IN", UTF-8, parsed); will try to load it.
2022-10-10 16:13:42,205 DEBUG [TestNG-tests-1] cache:44 - TemplateLoader.findTemplateSource("spark/partials/head_en_IN.ftl"): Not found
2022-10-10 16:13:42,206 DEBUG [TestNG-tests-1] cache:44 - TemplateLoader.findTemplateSource("spark/partials/head_en.ftl"): Not found
2022-10-10 16:13:42,208 DEBUG [TestNG-tests-1] cache:44 - TemplateLoader.findTemplateSource("spark/partials/head.ftl"): Found
2022-10-10 16:13:42,209 DEBUG [TestNG-tests-1] cache:44 - Loading template for "spark/partials/head.ftl"("en_IN", UTF-8, parsed) from "jar:file:/C:/Users/lamee/.m2/repository/com/aventstack/extentreports/4.1.7/extentreports-4.1.7.jar!/com/aventstack/extentreports/view/spark/partials/head.ftl"
2022-10-10 16:13:42,245 DEBUG [TestNG-tests-1] cache:44 - Couldn't find template in cache for "commons/commons-inject-css.ftl"("en_IN", UTF-8, parsed); will try to load it.
2022-10-10 16:13:42,245 DEBUG [TestNG-tests-1] cache:44 - TemplateLoader.findTemplateSource("commons/commons-inject-css_en_IN.ftl"): Not found
2022-10-10 16:13:42,316 DEBUG [TestNG-tests-1] cache:44 - TemplateLoader.findTemplateSource("commons/commons-inject-css_en.ftl"): Not found
2022-10-10 16:13:42,317 DEBUG [TestNG-tests-1] cache:44 - TemplateLoader.findTemplateSource("commons/commons-inject-css.ftl"): Found
2022-10-10 16:13:42,317 DEBUG [TestNG-tests-1] cache:44 - Loading template for "commons/commons-inject-css.ftl"("en_IN", UTF-8, parsed) from "jar:file:/C:/Users/lamee/.m2/repository/com/aventstack/extentreports/4.1.7/extentreports-4.1.7.jar!/com/aventstack/extentreports/view/commons/commons-inject-css.ftl"
2022-10-10 16:13:42,322 DEBUG [TestNG-tests-1] cache:44 - Couldn't find template in cache for "spark/partials/navbar.ftl"("en_IN", UTF-8, parsed); will try to load it.
2022-10-10 16:13:42,326 DEBUG [TestNG-tests-1] cache:44 - TemplateLoader.findTemplateSource("spark/partials/navbar_en_IN.ftl"): Not found
2022-10-10 16:13:42,557 DEBUG [TestNG-tests-1] cache:44 - TemplateLoader.findTemplateSource("spark/partials/navbar_en.ftl"): Not found
2022-10-10 16:13:42,558 DEBUG [TestNG-tests-1] cache:44 - TemplateLoader.findTemplateSource("spark/partials/navbar.ftl"): Found
2022-10-10 16:13:42,558 DEBUG [TestNG-tests-1] cache:44 - Loading template for "spark/partials/navbar.ftl"("en_IN", UTF-8, parsed) from "jar:file:/C:/Users/lamee/.m2/repository/com/aventstack/extentreports/4.1.7/extentreports-4.1.7.jar!/com/aventstack/extentreports/view/spark/partials/navbar.ftl"
2022-10-10 16:13:42,681 DEBUG [TestNG-tests-1] cache:44 - Couldn't find template in cache for "spark/partials/sidenav.ftl"("en_IN", UTF-8, parsed); will try to load it.
2022-10-10 16:13:42,682 DEBUG [TestNG-tests-1] cache:44 - TemplateLoader.findTemplateSource("spark/partials/sidenav_en_IN.ftl"): Not found
2022-10-10 16:13:42,683 DEBUG [TestNG-tests-1] cache:44 - TemplateLoader.findTemplateSource("spark/partials/sidenav_en.ftl"): Not found
2022-10-10 16:13:42,683 DEBUG [TestNG-tests-1] cache:44 - TemplateLoader.findTemplateSource("spark/partials/sidenav.ftl"): Found
2022-10-10 16:13:42,684 DEBUG [TestNG-tests-1] cache:44 - Loading template for "spark/partials/sidenav.ftl"("en_IN", UTF-8, parsed) from "jar:file:/C:/Users/lamee/.m2/repository/com/aventstack/extentreports/4.1.7/extentreports-4.1.7.jar!/com/aventstack/extentreports/view/spark/partials/sidenav.ftl"
2022-10-10 16:13:42,687 DEBUG [TestNG-tests-1] cache:44 - Couldn't find template in cache for "spark/partials/test.ftl"("en_IN", UTF-8, parsed); will try to load it.
2022-10-10 16:13:42,688 DEBUG [TestNG-tests-1] cache:44 - TemplateLoader.findTemplateSource("spark/partials/test_en_IN.ftl"): Not found
2022-10-10 16:13:42,688 DEBUG [TestNG-tests-1] cache:44 - TemplateLoader.findTemplateSource("spark/partials/test_en.ftl"): Not found
2022-10-10 16:13:42,689 DEBUG [TestNG-tests-1] cache:44 - TemplateLoader.findTemplateSource("spark/partials/test.ftl"): Found
2022-10-10 16:13:42,690 DEBUG [TestNG-tests-1] cache:44 - Loading template for "spark/partials/test.ftl"("en_IN", UTF-8, parsed) from "jar:file:/C:/Users/lamee/.m2/repository/com/aventstack/extentreports/4.1.7/extentreports-4.1.7.jar!/com/aventstack/extentreports/view/spark/partials/test.ftl"
2022-10-10 16:13:42,760 DEBUG [TestNG-tests-1] cache:44 - Couldn't find template in cache for "spark/partials/standard-content.ftl"("en_IN", UTF-8, parsed); will try to load it.
2022-10-10 16:13:42,761 DEBUG [TestNG-tests-1] cache:44 - TemplateLoader.findTemplateSource("spark/partials/standard-content_en_IN.ftl"): Not found
2022-10-10 16:13:42,771 DEBUG [TestNG-tests-1] cache:44 - TemplateLoader.findTemplateSource("spark/partials/standard-content_en.ftl"): Not found
2022-10-10 16:13:42,771 DEBUG [TestNG-tests-1] cache:44 - TemplateLoader.findTemplateSource("spark/partials/standard-content.ftl"): Found
2022-10-10 16:13:42,772 DEBUG [TestNG-tests-1] cache:44 - Loading template for "spark/partials/standard-content.ftl"("en_IN", UTF-8, parsed) from "jar:file:/C:/Users/lamee/.m2/repository/com/aventstack/extentreports/4.1.7/extentreports-4.1.7.jar!/com/aventstack/extentreports/view/spark/partials/standard-content.ftl"
2022-10-10 16:13:42,784 DEBUG [TestNG-tests-1] cache:44 - Couldn't find template in cache for "spark/partials/dashboard.ftl"("en_IN", UTF-8, parsed); will try to load it.
2022-10-10 16:13:42,785 DEBUG [TestNG-tests-1] cache:44 - TemplateLoader.findTemplateSource("spark/partials/dashboard_en_IN.ftl"): Not found
2022-10-10 16:13:42,786 DEBUG [TestNG-tests-1] cache:44 - TemplateLoader.findTemplateSource("spark/partials/dashboard_en.ftl"): Not found
2022-10-10 16:13:42,788 DEBUG [TestNG-tests-1] cache:44 - TemplateLoader.findTemplateSource("spark/partials/dashboard.ftl"): Found
2022-10-10 16:13:42,789 DEBUG [TestNG-tests-1] cache:44 - Loading template for "spark/partials/dashboard.ftl"("en_IN", UTF-8, parsed) from "jar:file:/C:/Users/lamee/.m2/repository/com/aventstack/extentreports/4.1.7/extentreports-4.1.7.jar!/com/aventstack/extentreports/view/spark/partials/dashboard.ftl"
2022-10-10 16:13:43,693 DEBUG [TestNG-tests-1] cache:44 - Couldn't find template in cache for "spark/partials/scripts.ftl"("en_IN", UTF-8, parsed); will try to load it.
2022-10-10 16:13:43,694 DEBUG [TestNG-tests-1] cache:44 - TemplateLoader.findTemplateSource("spark/partials/scripts_en_IN.ftl"): Not found
2022-10-10 16:13:43,695 DEBUG [TestNG-tests-1] cache:44 - TemplateLoader.findTemplateSource("spark/partials/scripts_en.ftl"): Not found
2022-10-10 16:13:43,696 DEBUG [TestNG-tests-1] cache:44 - TemplateLoader.findTemplateSource("spark/partials/scripts.ftl"): Found
2022-10-10 16:13:43,696 DEBUG [TestNG-tests-1] cache:44 - Loading template for "spark/partials/scripts.ftl"("en_IN", UTF-8, parsed) from "jar:file:/C:/Users/lamee/.m2/repository/com/aventstack/extentreports/4.1.7/extentreports-4.1.7.jar!/com/aventstack/extentreports/view/spark/partials/scripts.ftl"
2022-10-10 16:13:43,698 DEBUG [TestNG-tests-1] cache:44 - Couldn't find template in cache for "commons/commons-inject-js.ftl"("en_IN", UTF-8, parsed); will try to load it.
2022-10-10 16:13:43,699 DEBUG [TestNG-tests-1] cache:44 - TemplateLoader.findTemplateSource("commons/commons-inject-js_en_IN.ftl"): Not found
2022-10-10 16:13:43,700 DEBUG [TestNG-tests-1] cache:44 - TemplateLoader.findTemplateSource("commons/commons-inject-js_en.ftl"): Not found
2022-10-10 16:13:43,701 DEBUG [TestNG-tests-1] cache:44 - TemplateLoader.findTemplateSource("commons/commons-inject-js.ftl"): Found
2022-10-10 16:13:43,702 DEBUG [TestNG-tests-1] cache:44 - Loading template for "commons/commons-inject-js.ftl"("en_IN", UTF-8, parsed) from "jar:file:/C:/Users/lamee/.m2/repository/com/aventstack/extentreports/4.1.7/extentreports-4.1.7.jar!/com/aventstack/extentreports/view/commons/commons-inject-js.ftl"
