2022-10-10 15:52:41,863  INFO [TestNG-tests-2] WebEventListener:48 - Property file path>>>>>>https://classic.crmpro.com/index.html
2022-10-10 15:53:29,158  INFO [TestNG-tests-2] WebEventListener:27 - application successfully opened
2022-10-10 15:53:29,162  INFO [TestNG-tests-2] TestUtil:48 - Property file path>>>>>>https://classic.crmpro.com/index.html
2022-10-10 15:53:29,220  INFO [TestNG-tests-2] LoginPage:48 - Property file path>>>>>>https://classic.crmpro.com/index.html
2022-10-10 15:53:29,482  INFO [TestNG-tests-2] HomePage:48 - Property file path>>>>>>https://classic.crmpro.com/index.html
2022-10-10 15:53:29,749  INFO [TestNG-tests-2] CasesPage:48 - Property file path>>>>>>https://classic.crmpro.com/index.html
2022-10-10 15:53:53,533  INFO [TestNG-tests-2] HomePage:48 - Property file path>>>>>>https://classic.crmpro.com/index.html
2022-10-10 15:54:00,513  INFO [TestNG-tests-2] HomePage:46 - New case page successfully opened
2022-10-10 15:54:09,898  INFO [TestNG-tests-2] HomePage:54 - case page checked ......
2022-10-10 15:54:13,054  INFO [TestNG-tests-2] HomePage:119 - Browser Terminated
2022-10-10 15:54:13,055  INFO [TestNG-tests-2] HomePage:120 - -----------------------------------------------
2022-10-10 15:54:13,646 DEBUG [TestNG-tests-2] cache:44 - Couldn't find template in cache for "spark/spark.spa.ftl"("en_IN", UTF-8, parsed); will try to load it.
2022-10-10 15:54:13,658 DEBUG [TestNG-tests-2] cache:44 - TemplateLoader.findTemplateSource("spark/spark.spa_en_IN.ftl"): Not found
2022-10-10 15:54:13,661 DEBUG [TestNG-tests-2] cache:44 - TemplateLoader.findTemplateSource("spark/spark.spa_en.ftl"): Not found
2022-10-10 15:54:13,664 DEBUG [TestNG-tests-2] cache:44 - TemplateLoader.findTemplateSource("spark/spark.spa.ftl"): Found
2022-10-10 15:54:13,666 DEBUG [TestNG-tests-2] cache:44 - Loading template for "spark/spark.spa.ftl"("en_IN", UTF-8, parsed) from "jar:file:/C:/Users/lamee/.m2/repository/com/aventstack/extentreports/4.1.7/extentreports-4.1.7.jar!/com/aventstack/extentreports/view/spark/spark.spa.ftl"
2022-10-10 15:54:14,584 DEBUG [TestNG-tests-2] cache:44 - Couldn't find template in cache for "commons/commons-variables.ftl"("en_IN", UTF-8, parsed); will try to load it.
2022-10-10 15:54:14,613 DEBUG [TestNG-tests-2] cache:44 - TemplateLoader.findTemplateSource("commons/commons-variables_en_IN.ftl"): Not found
2022-10-10 15:54:14,614 DEBUG [TestNG-tests-2] cache:44 - TemplateLoader.findTemplateSource("commons/commons-variables_en.ftl"): Not found
2022-10-10 15:54:14,615 DEBUG [TestNG-tests-2] cache:44 - TemplateLoader.findTemplateSource("commons/commons-variables.ftl"): Found
2022-10-10 15:54:14,616 DEBUG [TestNG-tests-2] cache:44 - Loading template for "commons/commons-variables.ftl"("en_IN", UTF-8, parsed) from "jar:file:/C:/Users/lamee/.m2/repository/com/aventstack/extentreports/4.1.7/extentreports-4.1.7.jar!/com/aventstack/extentreports/view/commons/commons-variables.ftl"
2022-10-10 15:54:15,091 DEBUG [TestNG-tests-2] cache:44 - Couldn't find template in cache for "commons/commons-macros.ftl"("en_IN", UTF-8, parsed); will try to load it.
2022-10-10 15:54:15,092 DEBUG [TestNG-tests-2] cache:44 - TemplateLoader.findTemplateSource("commons/commons-macros_en_IN.ftl"): Not found
2022-10-10 15:54:15,093 DEBUG [TestNG-tests-2] cache:44 - TemplateLoader.findTemplateSource("commons/commons-macros_en.ftl"): Not found
2022-10-10 15:54:15,094 DEBUG [TestNG-tests-2] cache:44 - TemplateLoader.findTemplateSource("commons/commons-macros.ftl"): Found
2022-10-10 15:54:15,095 DEBUG [TestNG-tests-2] cache:44 - Loading template for "commons/commons-macros.ftl"("en_IN", UTF-8, parsed) from "jar:file:/C:/Users/lamee/.m2/repository/com/aventstack/extentreports/4.1.7/extentreports-4.1.7.jar!/com/aventstack/extentreports/view/commons/commons-macros.ftl"
2022-10-10 15:54:15,146 DEBUG [TestNG-tests-2] cache:44 - Couldn't find template in cache for "spark/macros/attributes.ftl"("en_IN", UTF-8, parsed); will try to load it.
2022-10-10 15:54:15,148 DEBUG [TestNG-tests-2] cache:44 - TemplateLoader.findTemplateSource("spark/macros/attributes_en_IN.ftl"): Not found
2022-10-10 15:54:15,150 DEBUG [TestNG-tests-2] cache:44 - TemplateLoader.findTemplateSource("spark/macros/attributes_en.ftl"): Not found
2022-10-10 15:54:15,169 DEBUG [TestNG-tests-2] cache:44 - TemplateLoader.findTemplateSource("spark/macros/attributes.ftl"): Found
2022-10-10 15:54:15,170 DEBUG [TestNG-tests-2] cache:44 - Loading template for "spark/macros/attributes.ftl"("en_IN", UTF-8, parsed) from "jar:file:/C:/Users/lamee/.m2/repository/com/aventstack/extentreports/4.1.7/extentreports-4.1.7.jar!/com/aventstack/extentreports/view/spark/macros/attributes.ftl"
2022-10-10 15:54:15,173 DEBUG [TestNG-tests-2] cache:44 - Couldn't find template in cache for "spark/macros/log.ftl"("en_IN", UTF-8, parsed); will try to load it.
2022-10-10 15:54:15,174 DEBUG [TestNG-tests-2] cache:44 - TemplateLoader.findTemplateSource("spark/macros/log_en_IN.ftl"): Not found
2022-10-10 15:54:15,175 DEBUG [TestNG-tests-2] cache:44 - TemplateLoader.findTemplateSource("spark/macros/log_en.ftl"): Not found
2022-10-10 15:54:15,176 DEBUG [TestNG-tests-2] cache:44 - TemplateLoader.findTemplateSource("spark/macros/log.ftl"): Found
2022-10-10 15:54:15,177 DEBUG [TestNG-tests-2] cache:44 - Loading template for "spark/macros/log.ftl"("en_IN", UTF-8, parsed) from "jar:file:/C:/Users/lamee/.m2/repository/com/aventstack/extentreports/4.1.7/extentreports-4.1.7.jar!/com/aventstack/extentreports/view/spark/macros/log.ftl"
2022-10-10 15:54:15,183 DEBUG [TestNG-tests-2] cache:44 - Couldn't find template in cache for "spark/macros/recurse_nodes.ftl"("en_IN", UTF-8, parsed); will try to load it.
2022-10-10 15:54:15,186 DEBUG [TestNG-tests-2] cache:44 - TemplateLoader.findTemplateSource("spark/macros/recurse_nodes_en_IN.ftl"): Not found
2022-10-10 15:54:15,189 DEBUG [TestNG-tests-2] cache:44 - TemplateLoader.findTemplateSource("spark/macros/recurse_nodes_en.ftl"): Not found
2022-10-10 15:54:15,190 DEBUG [TestNG-tests-2] cache:44 - TemplateLoader.findTemplateSource("spark/macros/recurse_nodes.ftl"): Found
2022-10-10 15:54:15,191 DEBUG [TestNG-tests-2] cache:44 - Loading template for "spark/macros/recurse_nodes.ftl"("en_IN", UTF-8, parsed) from "jar:file:/C:/Users/lamee/.m2/repository/com/aventstack/extentreports/4.1.7/extentreports-4.1.7.jar!/com/aventstack/extentreports/view/spark/macros/recurse_nodes.ftl"
2022-10-10 15:54:15,200 DEBUG [TestNG-tests-2] cache:44 - "spark/macros/log.ftl"("en_IN", UTF-8, parsed) cached copy not yet stale; using cached.
2022-10-10 15:54:15,263 DEBUG [TestNG-tests-2] cache:44 - Couldn't find template in cache for "spark/partials/head.ftl"("en_IN", UTF-8, parsed); will try to load it.
2022-10-10 15:54:15,265 DEBUG [TestNG-tests-2] cache:44 - TemplateLoader.findTemplateSource("spark/partials/head_en_IN.ftl"): Not found
2022-10-10 15:54:15,270 DEBUG [TestNG-tests-2] cache:44 - TemplateLoader.findTemplateSource("spark/partials/head_en.ftl"): Not found
2022-10-10 15:54:15,290 DEBUG [TestNG-tests-2] cache:44 - TemplateLoader.findTemplateSource("spark/partials/head.ftl"): Found
2022-10-10 15:54:15,296 DEBUG [TestNG-tests-2] cache:44 - Loading template for "spark/partials/head.ftl"("en_IN", UTF-8, parsed) from "jar:file:/C:/Users/lamee/.m2/repository/com/aventstack/extentreports/4.1.7/extentreports-4.1.7.jar!/com/aventstack/extentreports/view/spark/partials/head.ftl"
2022-10-10 15:54:15,369 DEBUG [TestNG-tests-2] cache:44 - Couldn't find template in cache for "commons/commons-inject-css.ftl"("en_IN", UTF-8, parsed); will try to load it.
2022-10-10 15:54:15,370 DEBUG [TestNG-tests-2] cache:44 - TemplateLoader.findTemplateSource("commons/commons-inject-css_en_IN.ftl"): Not found
2022-10-10 15:54:15,404 DEBUG [TestNG-tests-2] cache:44 - TemplateLoader.findTemplateSource("commons/commons-inject-css_en.ftl"): Not found
2022-10-10 15:54:15,406 DEBUG [TestNG-tests-2] cache:44 - TemplateLoader.findTemplateSource("commons/commons-inject-css.ftl"): Found
2022-10-10 15:54:15,407 DEBUG [TestNG-tests-2] cache:44 - Loading template for "commons/commons-inject-css.ftl"("en_IN", UTF-8, parsed) from "jar:file:/C:/Users/lamee/.m2/repository/com/aventstack/extentreports/4.1.7/extentreports-4.1.7.jar!/com/aventstack/extentreports/view/commons/commons-inject-css.ftl"
2022-10-10 15:54:15,409 DEBUG [TestNG-tests-2] cache:44 - Couldn't find template in cache for "spark/partials/navbar.ftl"("en_IN", UTF-8, parsed); will try to load it.
2022-10-10 15:54:15,410 DEBUG [TestNG-tests-2] cache:44 - TemplateLoader.findTemplateSource("spark/partials/navbar_en_IN.ftl"): Not found
2022-10-10 15:54:15,423 DEBUG [TestNG-tests-2] cache:44 - TemplateLoader.findTemplateSource("spark/partials/navbar_en.ftl"): Not found
2022-10-10 15:54:15,426 DEBUG [TestNG-tests-2] cache:44 - TemplateLoader.findTemplateSource("spark/partials/navbar.ftl"): Found
2022-10-10 15:54:15,426 DEBUG [TestNG-tests-2] cache:44 - Loading template for "spark/partials/navbar.ftl"("en_IN", UTF-8, parsed) from "jar:file:/C:/Users/lamee/.m2/repository/com/aventstack/extentreports/4.1.7/extentreports-4.1.7.jar!/com/aventstack/extentreports/view/spark/partials/navbar.ftl"
2022-10-10 15:54:15,511 DEBUG [TestNG-tests-2] cache:44 - Couldn't find template in cache for "spark/partials/sidenav.ftl"("en_IN", UTF-8, parsed); will try to load it.
2022-10-10 15:54:15,514 DEBUG [TestNG-tests-2] cache:44 - TemplateLoader.findTemplateSource("spark/partials/sidenav_en_IN.ftl"): Not found
2022-10-10 15:54:15,515 DEBUG [TestNG-tests-2] cache:44 - TemplateLoader.findTemplateSource("spark/partials/sidenav_en.ftl"): Not found
2022-10-10 15:54:15,516 DEBUG [TestNG-tests-2] cache:44 - TemplateLoader.findTemplateSource("spark/partials/sidenav.ftl"): Found
2022-10-10 15:54:15,519 DEBUG [TestNG-tests-2] cache:44 - Loading template for "spark/partials/sidenav.ftl"("en_IN", UTF-8, parsed) from "jar:file:/C:/Users/lamee/.m2/repository/com/aventstack/extentreports/4.1.7/extentreports-4.1.7.jar!/com/aventstack/extentreports/view/spark/partials/sidenav.ftl"
2022-10-10 15:54:15,526 DEBUG [TestNG-tests-2] cache:44 - Couldn't find template in cache for "spark/partials/test.ftl"("en_IN", UTF-8, parsed); will try to load it.
2022-10-10 15:54:15,538 DEBUG [TestNG-tests-2] cache:44 - TemplateLoader.findTemplateSource("spark/partials/test_en_IN.ftl"): Not found
2022-10-10 15:54:15,539 DEBUG [TestNG-tests-2] cache:44 - TemplateLoader.findTemplateSource("spark/partials/test_en.ftl"): Not found
2022-10-10 15:54:15,540 DEBUG [TestNG-tests-2] cache:44 - TemplateLoader.findTemplateSource("spark/partials/test.ftl"): Found
2022-10-10 15:54:15,540 DEBUG [TestNG-tests-2] cache:44 - Loading template for "spark/partials/test.ftl"("en_IN", UTF-8, parsed) from "jar:file:/C:/Users/lamee/.m2/repository/com/aventstack/extentreports/4.1.7/extentreports-4.1.7.jar!/com/aventstack/extentreports/view/spark/partials/test.ftl"
2022-10-10 15:54:15,753 DEBUG [TestNG-tests-2] cache:44 - Couldn't find template in cache for "spark/partials/standard-content.ftl"("en_IN", UTF-8, parsed); will try to load it.
2022-10-10 15:54:15,761 DEBUG [TestNG-tests-2] cache:44 - TemplateLoader.findTemplateSource("spark/partials/standard-content_en_IN.ftl"): Not found
2022-10-10 15:54:15,781 DEBUG [TestNG-tests-2] cache:44 - TemplateLoader.findTemplateSource("spark/partials/standard-content_en.ftl"): Not found
2022-10-10 15:54:15,782 DEBUG [TestNG-tests-2] cache:44 - TemplateLoader.findTemplateSource("spark/partials/standard-content.ftl"): Found
2022-10-10 15:54:15,783 DEBUG [TestNG-tests-2] cache:44 - Loading template for "spark/partials/standard-content.ftl"("en_IN", UTF-8, parsed) from "jar:file:/C:/Users/lamee/.m2/repository/com/aventstack/extentreports/4.1.7/extentreports-4.1.7.jar!/com/aventstack/extentreports/view/spark/partials/standard-content.ftl"
2022-10-10 15:54:15,796 DEBUG [TestNG-tests-2] cache:44 - Couldn't find template in cache for "spark/partials/dashboard.ftl"("en_IN", UTF-8, parsed); will try to load it.
2022-10-10 15:54:15,797 DEBUG [TestNG-tests-2] cache:44 - TemplateLoader.findTemplateSource("spark/partials/dashboard_en_IN.ftl"): Not found
2022-10-10 15:54:15,802 DEBUG [TestNG-tests-2] cache:44 - TemplateLoader.findTemplateSource("spark/partials/dashboard_en.ftl"): Not found
2022-10-10 15:54:15,812 DEBUG [TestNG-tests-2] cache:44 - TemplateLoader.findTemplateSource("spark/partials/dashboard.ftl"): Found
2022-10-10 15:54:15,812 DEBUG [TestNG-tests-2] cache:44 - Loading template for "spark/partials/dashboard.ftl"("en_IN", UTF-8, parsed) from "jar:file:/C:/Users/lamee/.m2/repository/com/aventstack/extentreports/4.1.7/extentreports-4.1.7.jar!/com/aventstack/extentreports/view/spark/partials/dashboard.ftl"
2022-10-10 15:54:16,126 DEBUG [TestNG-tests-2] cache:44 - Couldn't find template in cache for "spark/partials/scripts.ftl"("en_IN", UTF-8, parsed); will try to load it.
2022-10-10 15:54:16,127 DEBUG [TestNG-tests-2] cache:44 - TemplateLoader.findTemplateSource("spark/partials/scripts_en_IN.ftl"): Not found
2022-10-10 15:54:16,128 DEBUG [TestNG-tests-2] cache:44 - TemplateLoader.findTemplateSource("spark/partials/scripts_en.ftl"): Not found
2022-10-10 15:54:16,130 DEBUG [TestNG-tests-2] cache:44 - TemplateLoader.findTemplateSource("spark/partials/scripts.ftl"): Found
2022-10-10 15:54:16,131 DEBUG [TestNG-tests-2] cache:44 - Loading template for "spark/partials/scripts.ftl"("en_IN", UTF-8, parsed) from "jar:file:/C:/Users/lamee/.m2/repository/com/aventstack/extentreports/4.1.7/extentreports-4.1.7.jar!/com/aventstack/extentreports/view/spark/partials/scripts.ftl"
2022-10-10 15:54:16,134 DEBUG [TestNG-tests-2] cache:44 - Couldn't find template in cache for "commons/commons-inject-js.ftl"("en_IN", UTF-8, parsed); will try to load it.
2022-10-10 15:54:16,135 DEBUG [TestNG-tests-2] cache:44 - TemplateLoader.findTemplateSource("commons/commons-inject-js_en_IN.ftl"): Not found
2022-10-10 15:54:16,135 DEBUG [TestNG-tests-2] cache:44 - TemplateLoader.findTemplateSource("commons/commons-inject-js_en.ftl"): Not found
2022-10-10 15:54:16,136 DEBUG [TestNG-tests-2] cache:44 - TemplateLoader.findTemplateSource("commons/commons-inject-js.ftl"): Found
2022-10-10 15:54:16,137 DEBUG [TestNG-tests-2] cache:44 - Loading template for "commons/commons-inject-js.ftl"("en_IN", UTF-8, parsed) from "jar:file:/C:/Users/lamee/.m2/repository/com/aventstack/extentreports/4.1.7/extentreports-4.1.7.jar!/com/aventstack/extentreports/view/commons/commons-inject-js.ftl"
