2022-10-17 12:25:51,640  INFO [TestNG-tests-1] CasePageTest:73 - Chrome driver initiated........
2022-10-17 12:25:51,961  INFO [TestNG-tests-1] WebEventListener:48 - Property file path>>>>>>https://classic.crmpro.com/index.html
2022-10-17 12:26:04,543  INFO [TestNG-tests-1] WebEventListener:28 - Application started successfully
2022-10-17 12:26:04,544  INFO [TestNG-tests-1] TestUtil:48 - Property file path>>>>>>https://classic.crmpro.com/index.html
2022-10-17 12:26:04,674  INFO [TestNG-tests-1] LoginPage:48 - Property file path>>>>>>https://classic.crmpro.com/index.html
2022-10-17 12:26:04,928  INFO [TestNG-tests-1] HomePage:48 - Property file path>>>>>>https://classic.crmpro.com/index.html
2022-10-17 12:26:06,279  INFO [TestNG-tests-1] DealsPage:48 - Property file path>>>>>>https://classic.crmpro.com/index.html
2022-10-17 12:26:35,359  INFO [TestNG-tests-1] HomePage:48 - Property file path>>>>>>https://classic.crmpro.com/index.html
2022-10-17 12:26:39,896  INFO [TestNG-tests-1] HomePage:43 - you are in deals search page
2022-10-17 12:27:15,828  INFO [TestNG-tests-1] HomePage:73 - Chrome driver initiated........
2022-10-17 12:27:15,831  INFO [TestNG-tests-1] WebEventListener:48 - Property file path>>>>>>https://classic.crmpro.com/index.html
2022-10-17 12:27:30,314  INFO [TestNG-tests-1] WebEventListener:28 - Application started successfully
2022-10-17 12:27:30,315  INFO [TestNG-tests-1] TestUtil:48 - Property file path>>>>>>https://classic.crmpro.com/index.html
2022-10-17 12:27:30,316  INFO [TestNG-tests-1] LoginPage:48 - Property file path>>>>>>https://classic.crmpro.com/index.html
2022-10-17 12:27:30,317  INFO [TestNG-tests-1] HomePage:48 - Property file path>>>>>>https://classic.crmpro.com/index.html
2022-10-17 12:27:30,319  INFO [TestNG-tests-1] DealsPage:48 - Property file path>>>>>>https://classic.crmpro.com/index.html
2022-10-17 12:28:05,267  INFO [TestNG-tests-1] HomePage:48 - Property file path>>>>>>https://classic.crmpro.com/index.html
2022-10-17 12:28:16,567  INFO [TestNG-tests-1] HomePage:105 - Creation date was correctly noted>>>>>>
2022-10-17 12:28:17,231  INFO [TestNG-tests-1] HomePage:110 - modified date was correctly noted>>>>>>
2022-10-17 12:28:17,778  INFO [TestNG-tests-1] HomePage:113 - close date was correctly noted>>>>>>
2022-10-17 12:28:20,944  INFO [TestNG-tests-1] HomePage:127 - search Deals is saved >>>>>>
2022-10-17 12:28:21,920 DEBUG [TestNG-tests-1] cache:44 - Couldn't find template in cache for "spark/spark.spa.ftl"("en_IN", UTF-8, parsed); will try to load it.
2022-10-17 12:28:21,922 DEBUG [TestNG-tests-1] cache:44 - TemplateLoader.findTemplateSource("spark/spark.spa_en_IN.ftl"): Not found
2022-10-17 12:28:21,923 DEBUG [TestNG-tests-1] cache:44 - TemplateLoader.findTemplateSource("spark/spark.spa_en.ftl"): Not found
2022-10-17 12:28:21,925 DEBUG [TestNG-tests-1] cache:44 - TemplateLoader.findTemplateSource("spark/spark.spa.ftl"): Found
2022-10-17 12:28:21,925 DEBUG [TestNG-tests-1] cache:44 - Loading template for "spark/spark.spa.ftl"("en_IN", UTF-8, parsed) from "jar:file:/C:/Users/lamee/.m2/repository/com/aventstack/extentreports/4.1.7/extentreports-4.1.7.jar!/com/aventstack/extentreports/view/spark/spark.spa.ftl"
2022-10-17 12:28:22,890 DEBUG [TestNG-tests-1] cache:44 - Couldn't find template in cache for "commons/commons-variables.ftl"("en_IN", UTF-8, parsed); will try to load it.
2022-10-17 12:28:22,918 DEBUG [TestNG-tests-1] cache:44 - TemplateLoader.findTemplateSource("commons/commons-variables_en_IN.ftl"): Not found
2022-10-17 12:28:22,919 DEBUG [TestNG-tests-1] cache:44 - TemplateLoader.findTemplateSource("commons/commons-variables_en.ftl"): Not found
2022-10-17 12:28:22,920 DEBUG [TestNG-tests-1] cache:44 - TemplateLoader.findTemplateSource("commons/commons-variables.ftl"): Found
2022-10-17 12:28:22,921 DEBUG [TestNG-tests-1] cache:44 - Loading template for "commons/commons-variables.ftl"("en_IN", UTF-8, parsed) from "jar:file:/C:/Users/lamee/.m2/repository/com/aventstack/extentreports/4.1.7/extentreports-4.1.7.jar!/com/aventstack/extentreports/view/commons/commons-variables.ftl"
2022-10-17 12:28:23,306 DEBUG [TestNG-tests-1] cache:44 - Couldn't find template in cache for "commons/commons-macros.ftl"("en_IN", UTF-8, parsed); will try to load it.
2022-10-17 12:28:23,307 DEBUG [TestNG-tests-1] cache:44 - TemplateLoader.findTemplateSource("commons/commons-macros_en_IN.ftl"): Not found
2022-10-17 12:28:23,308 DEBUG [TestNG-tests-1] cache:44 - TemplateLoader.findTemplateSource("commons/commons-macros_en.ftl"): Not found
2022-10-17 12:28:23,309 DEBUG [TestNG-tests-1] cache:44 - TemplateLoader.findTemplateSource("commons/commons-macros.ftl"): Found
2022-10-17 12:28:23,310 DEBUG [TestNG-tests-1] cache:44 - Loading template for "commons/commons-macros.ftl"("en_IN", UTF-8, parsed) from "jar:file:/C:/Users/lamee/.m2/repository/com/aventstack/extentreports/4.1.7/extentreports-4.1.7.jar!/com/aventstack/extentreports/view/commons/commons-macros.ftl"
2022-10-17 12:28:23,340 DEBUG [TestNG-tests-1] cache:44 - Couldn't find template in cache for "spark/macros/attributes.ftl"("en_IN", UTF-8, parsed); will try to load it.
2022-10-17 12:28:23,342 DEBUG [TestNG-tests-1] cache:44 - TemplateLoader.findTemplateSource("spark/macros/attributes_en_IN.ftl"): Not found
2022-10-17 12:28:23,343 DEBUG [TestNG-tests-1] cache:44 - TemplateLoader.findTemplateSource("spark/macros/attributes_en.ftl"): Not found
2022-10-17 12:28:23,352 DEBUG [TestNG-tests-1] cache:44 - TemplateLoader.findTemplateSource("spark/macros/attributes.ftl"): Found
2022-10-17 12:28:23,353 DEBUG [TestNG-tests-1] cache:44 - Loading template for "spark/macros/attributes.ftl"("en_IN", UTF-8, parsed) from "jar:file:/C:/Users/lamee/.m2/repository/com/aventstack/extentreports/4.1.7/extentreports-4.1.7.jar!/com/aventstack/extentreports/view/spark/macros/attributes.ftl"
2022-10-17 12:28:23,356 DEBUG [TestNG-tests-1] cache:44 - Couldn't find template in cache for "spark/macros/log.ftl"("en_IN", UTF-8, parsed); will try to load it.
2022-10-17 12:28:23,357 DEBUG [TestNG-tests-1] cache:44 - TemplateLoader.findTemplateSource("spark/macros/log_en_IN.ftl"): Not found
2022-10-17 12:28:23,372 DEBUG [TestNG-tests-1] cache:44 - TemplateLoader.findTemplateSource("spark/macros/log_en.ftl"): Not found
2022-10-17 12:28:23,373 DEBUG [TestNG-tests-1] cache:44 - TemplateLoader.findTemplateSource("spark/macros/log.ftl"): Found
2022-10-17 12:28:23,374 DEBUG [TestNG-tests-1] cache:44 - Loading template for "spark/macros/log.ftl"("en_IN", UTF-8, parsed) from "jar:file:/C:/Users/lamee/.m2/repository/com/aventstack/extentreports/4.1.7/extentreports-4.1.7.jar!/com/aventstack/extentreports/view/spark/macros/log.ftl"
2022-10-17 12:28:23,378 DEBUG [TestNG-tests-1] cache:44 - Couldn't find template in cache for "spark/macros/recurse_nodes.ftl"("en_IN", UTF-8, parsed); will try to load it.
2022-10-17 12:28:23,379 DEBUG [TestNG-tests-1] cache:44 - TemplateLoader.findTemplateSource("spark/macros/recurse_nodes_en_IN.ftl"): Not found
2022-10-17 12:28:23,380 DEBUG [TestNG-tests-1] cache:44 - TemplateLoader.findTemplateSource("spark/macros/recurse_nodes_en.ftl"): Not found
2022-10-17 12:28:23,381 DEBUG [TestNG-tests-1] cache:44 - TemplateLoader.findTemplateSource("spark/macros/recurse_nodes.ftl"): Found
2022-10-17 12:28:23,381 DEBUG [TestNG-tests-1] cache:44 - Loading template for "spark/macros/recurse_nodes.ftl"("en_IN", UTF-8, parsed) from "jar:file:/C:/Users/lamee/.m2/repository/com/aventstack/extentreports/4.1.7/extentreports-4.1.7.jar!/com/aventstack/extentreports/view/spark/macros/recurse_nodes.ftl"
2022-10-17 12:28:23,387 DEBUG [TestNG-tests-1] cache:44 - "spark/macros/log.ftl"("en_IN", UTF-8, parsed) cached copy not yet stale; using cached.
2022-10-17 12:28:23,407 DEBUG [TestNG-tests-1] cache:44 - Couldn't find template in cache for "spark/partials/head.ftl"("en_IN", UTF-8, parsed); will try to load it.
2022-10-17 12:28:23,408 DEBUG [TestNG-tests-1] cache:44 - TemplateLoader.findTemplateSource("spark/partials/head_en_IN.ftl"): Not found
2022-10-17 12:28:23,409 DEBUG [TestNG-tests-1] cache:44 - TemplateLoader.findTemplateSource("spark/partials/head_en.ftl"): Not found
2022-10-17 12:28:23,411 DEBUG [TestNG-tests-1] cache:44 - TemplateLoader.findTemplateSource("spark/partials/head.ftl"): Found
2022-10-17 12:28:23,412 DEBUG [TestNG-tests-1] cache:44 - Loading template for "spark/partials/head.ftl"("en_IN", UTF-8, parsed) from "jar:file:/C:/Users/lamee/.m2/repository/com/aventstack/extentreports/4.1.7/extentreports-4.1.7.jar!/com/aventstack/extentreports/view/spark/partials/head.ftl"
2022-10-17 12:28:23,419 DEBUG [TestNG-tests-1] cache:44 - Couldn't find template in cache for "commons/commons-inject-css.ftl"("en_IN", UTF-8, parsed); will try to load it.
2022-10-17 12:28:23,420 DEBUG [TestNG-tests-1] cache:44 - TemplateLoader.findTemplateSource("commons/commons-inject-css_en_IN.ftl"): Not found
2022-10-17 12:28:23,432 DEBUG [TestNG-tests-1] cache:44 - TemplateLoader.findTemplateSource("commons/commons-inject-css_en.ftl"): Not found
2022-10-17 12:28:23,433 DEBUG [TestNG-tests-1] cache:44 - TemplateLoader.findTemplateSource("commons/commons-inject-css.ftl"): Found
2022-10-17 12:28:23,434 DEBUG [TestNG-tests-1] cache:44 - Loading template for "commons/commons-inject-css.ftl"("en_IN", UTF-8, parsed) from "jar:file:/C:/Users/lamee/.m2/repository/com/aventstack/extentreports/4.1.7/extentreports-4.1.7.jar!/com/aventstack/extentreports/view/commons/commons-inject-css.ftl"
2022-10-17 12:28:23,436 DEBUG [TestNG-tests-1] cache:44 - Couldn't find template in cache for "spark/partials/navbar.ftl"("en_IN", UTF-8, parsed); will try to load it.
2022-10-17 12:28:23,437 DEBUG [TestNG-tests-1] cache:44 - TemplateLoader.findTemplateSource("spark/partials/navbar_en_IN.ftl"): Not found
2022-10-17 12:28:23,484 DEBUG [TestNG-tests-1] cache:44 - TemplateLoader.findTemplateSource("spark/partials/navbar_en.ftl"): Not found
2022-10-17 12:28:23,485 DEBUG [TestNG-tests-1] cache:44 - TemplateLoader.findTemplateSource("spark/partials/navbar.ftl"): Found
2022-10-17 12:28:23,485 DEBUG [TestNG-tests-1] cache:44 - Loading template for "spark/partials/navbar.ftl"("en_IN", UTF-8, parsed) from "jar:file:/C:/Users/lamee/.m2/repository/com/aventstack/extentreports/4.1.7/extentreports-4.1.7.jar!/com/aventstack/extentreports/view/spark/partials/navbar.ftl"
2022-10-17 12:28:23,630 DEBUG [TestNG-tests-1] cache:44 - Couldn't find template in cache for "spark/partials/sidenav.ftl"("en_IN", UTF-8, parsed); will try to load it.
2022-10-17 12:28:23,632 DEBUG [TestNG-tests-1] cache:44 - TemplateLoader.findTemplateSource("spark/partials/sidenav_en_IN.ftl"): Not found
2022-10-17 12:28:23,634 DEBUG [TestNG-tests-1] cache:44 - TemplateLoader.findTemplateSource("spark/partials/sidenav_en.ftl"): Not found
2022-10-17 12:28:23,636 DEBUG [TestNG-tests-1] cache:44 - TemplateLoader.findTemplateSource("spark/partials/sidenav.ftl"): Found
2022-10-17 12:28:23,637 DEBUG [TestNG-tests-1] cache:44 - Loading template for "spark/partials/sidenav.ftl"("en_IN", UTF-8, parsed) from "jar:file:/C:/Users/lamee/.m2/repository/com/aventstack/extentreports/4.1.7/extentreports-4.1.7.jar!/com/aventstack/extentreports/view/spark/partials/sidenav.ftl"
2022-10-17 12:28:23,647 DEBUG [TestNG-tests-1] cache:44 - Couldn't find template in cache for "spark/partials/test.ftl"("en_IN", UTF-8, parsed); will try to load it.
2022-10-17 12:28:23,648 DEBUG [TestNG-tests-1] cache:44 - TemplateLoader.findTemplateSource("spark/partials/test_en_IN.ftl"): Not found
2022-10-17 12:28:23,651 DEBUG [TestNG-tests-1] cache:44 - TemplateLoader.findTemplateSource("spark/partials/test_en.ftl"): Not found
2022-10-17 12:28:23,653 DEBUG [TestNG-tests-1] cache:44 - TemplateLoader.findTemplateSource("spark/partials/test.ftl"): Found
2022-10-17 12:28:23,654 DEBUG [TestNG-tests-1] cache:44 - Loading template for "spark/partials/test.ftl"("en_IN", UTF-8, parsed) from "jar:file:/C:/Users/lamee/.m2/repository/com/aventstack/extentreports/4.1.7/extentreports-4.1.7.jar!/com/aventstack/extentreports/view/spark/partials/test.ftl"
2022-10-17 12:28:23,695 DEBUG [TestNG-tests-1] cache:44 - Couldn't find template in cache for "spark/partials/standard-content.ftl"("en_IN", UTF-8, parsed); will try to load it.
2022-10-17 12:28:23,696 DEBUG [TestNG-tests-1] cache:44 - TemplateLoader.findTemplateSource("spark/partials/standard-content_en_IN.ftl"): Not found
2022-10-17 12:28:23,697 DEBUG [TestNG-tests-1] cache:44 - TemplateLoader.findTemplateSource("spark/partials/standard-content_en.ftl"): Not found
2022-10-17 12:28:23,698 DEBUG [TestNG-tests-1] cache:44 - TemplateLoader.findTemplateSource("spark/partials/standard-content.ftl"): Found
2022-10-17 12:28:23,698 DEBUG [TestNG-tests-1] cache:44 - Loading template for "spark/partials/standard-content.ftl"("en_IN", UTF-8, parsed) from "jar:file:/C:/Users/lamee/.m2/repository/com/aventstack/extentreports/4.1.7/extentreports-4.1.7.jar!/com/aventstack/extentreports/view/spark/partials/standard-content.ftl"
2022-10-17 12:28:23,706 DEBUG [TestNG-tests-1] cache:44 - "spark/partials/standard-content.ftl"("en_IN", UTF-8, parsed) cached copy not yet stale; using cached.
2022-10-17 12:28:23,707 DEBUG [TestNG-tests-1] cache:44 - Couldn't find template in cache for "spark/partials/dashboard.ftl"("en_IN", UTF-8, parsed); will try to load it.
2022-10-17 12:28:23,707 DEBUG [TestNG-tests-1] cache:44 - TemplateLoader.findTemplateSource("spark/partials/dashboard_en_IN.ftl"): Not found
2022-10-17 12:28:23,708 DEBUG [TestNG-tests-1] cache:44 - TemplateLoader.findTemplateSource("spark/partials/dashboard_en.ftl"): Not found
2022-10-17 12:28:23,708 DEBUG [TestNG-tests-1] cache:44 - TemplateLoader.findTemplateSource("spark/partials/dashboard.ftl"): Found
2022-10-17 12:28:23,709 DEBUG [TestNG-tests-1] cache:44 - Loading template for "spark/partials/dashboard.ftl"("en_IN", UTF-8, parsed) from "jar:file:/C:/Users/lamee/.m2/repository/com/aventstack/extentreports/4.1.7/extentreports-4.1.7.jar!/com/aventstack/extentreports/view/spark/partials/dashboard.ftl"
2022-10-17 12:28:23,897 DEBUG [TestNG-tests-1] cache:44 - Couldn't find template in cache for "spark/partials/scripts.ftl"("en_IN", UTF-8, parsed); will try to load it.
2022-10-17 12:28:23,897 DEBUG [TestNG-tests-1] cache:44 - TemplateLoader.findTemplateSource("spark/partials/scripts_en_IN.ftl"): Not found
2022-10-17 12:28:23,898 DEBUG [TestNG-tests-1] cache:44 - TemplateLoader.findTemplateSource("spark/partials/scripts_en.ftl"): Not found
2022-10-17 12:28:23,899 DEBUG [TestNG-tests-1] cache:44 - TemplateLoader.findTemplateSource("spark/partials/scripts.ftl"): Found
2022-10-17 12:28:23,899 DEBUG [TestNG-tests-1] cache:44 - Loading template for "spark/partials/scripts.ftl"("en_IN", UTF-8, parsed) from "jar:file:/C:/Users/lamee/.m2/repository/com/aventstack/extentreports/4.1.7/extentreports-4.1.7.jar!/com/aventstack/extentreports/view/spark/partials/scripts.ftl"
2022-10-17 12:28:23,902 DEBUG [TestNG-tests-1] cache:44 - Couldn't find template in cache for "commons/commons-inject-js.ftl"("en_IN", UTF-8, parsed); will try to load it.
2022-10-17 12:28:23,903 DEBUG [TestNG-tests-1] cache:44 - TemplateLoader.findTemplateSource("commons/commons-inject-js_en_IN.ftl"): Not found
2022-10-17 12:28:23,904 DEBUG [TestNG-tests-1] cache:44 - TemplateLoader.findTemplateSource("commons/commons-inject-js_en.ftl"): Not found
2022-10-17 12:28:23,905 DEBUG [TestNG-tests-1] cache:44 - TemplateLoader.findTemplateSource("commons/commons-inject-js.ftl"): Found
2022-10-17 12:28:23,905 DEBUG [TestNG-tests-1] cache:44 - Loading template for "commons/commons-inject-js.ftl"("en_IN", UTF-8, parsed) from "jar:file:/C:/Users/lamee/.m2/repository/com/aventstack/extentreports/4.1.7/extentreports-4.1.7.jar!/com/aventstack/extentreports/view/commons/commons-inject-js.ftl"
