2022-10-10 13:05:41,017  INFO [TestNG-tests-1] CasePageTest:73 - Chrome driver initiated........
2022-10-10 13:05:41,135  INFO [TestNG-tests-1] WebEventListener:48 - Property file path>>>>>>https://classic.crmpro.com/index.html
2022-10-10 13:06:00,749  INFO [TestNG-tests-1] WebEventListener:27 - application successfully opened
2022-10-10 13:06:00,752  INFO [TestNG-tests-1] TestUtil:48 - Property file path>>>>>>https://classic.crmpro.com/index.html
2022-10-10 13:06:08,905  INFO [TestNG-tests-1] LoginPage:48 - Property file path>>>>>>https://classic.crmpro.com/index.html
2022-10-10 13:06:09,087  INFO [TestNG-tests-1] HomePage:48 - Property file path>>>>>>https://classic.crmpro.com/index.html
2022-10-10 13:06:13,108  INFO [TestNG-tests-1] CasesPage:48 - Property file path>>>>>>https://classic.crmpro.com/index.html
2022-10-10 13:06:31,367  INFO [TestNG-tests-1] HomePage:48 - Property file path>>>>>>https://classic.crmpro.com/index.html
2022-10-10 13:06:35,830  INFO [TestNG-tests-1] HomePage:46 - New case page successfully opened
2022-10-10 13:06:40,803  INFO [TestNG-tests-1] HomePage:54 - case page checked ......
2022-10-10 13:06:44,984  INFO [TestNG-tests-1] HomePage:119 - Browser Terminated
2022-10-10 13:06:44,984  INFO [TestNG-tests-1] HomePage:120 - -----------------------------------------------
2022-10-10 13:06:46,366 DEBUG [TestNG-tests-1] cache:44 - Couldn't find template in cache for "spark/spark.spa.ftl"("en_IN", UTF-8, parsed); will try to load it.
2022-10-10 13:06:46,369 DEBUG [TestNG-tests-1] cache:44 - TemplateLoader.findTemplateSource("spark/spark.spa_en_IN.ftl"): Not found
2022-10-10 13:06:46,371 DEBUG [TestNG-tests-1] cache:44 - TemplateLoader.findTemplateSource("spark/spark.spa_en.ftl"): Not found
2022-10-10 13:06:46,373 DEBUG [TestNG-tests-1] cache:44 - TemplateLoader.findTemplateSource("spark/spark.spa.ftl"): Found
2022-10-10 13:06:46,374 DEBUG [TestNG-tests-1] cache:44 - Loading template for "spark/spark.spa.ftl"("en_IN", UTF-8, parsed) from "jar:file:/C:/Users/lamee/.m2/repository/com/aventstack/extentreports/4.1.7/extentreports-4.1.7.jar!/com/aventstack/extentreports/view/spark/spark.spa.ftl"
2022-10-10 13:06:48,923 DEBUG [TestNG-tests-1] cache:44 - Couldn't find template in cache for "commons/commons-variables.ftl"("en_IN", UTF-8, parsed); will try to load it.
2022-10-10 13:06:48,995 DEBUG [TestNG-tests-1] cache:44 - TemplateLoader.findTemplateSource("commons/commons-variables_en_IN.ftl"): Not found
2022-10-10 13:06:48,999 DEBUG [TestNG-tests-1] cache:44 - TemplateLoader.findTemplateSource("commons/commons-variables_en.ftl"): Not found
2022-10-10 13:06:49,003 DEBUG [TestNG-tests-1] cache:44 - TemplateLoader.findTemplateSource("commons/commons-variables.ftl"): Found
2022-10-10 13:06:49,004 DEBUG [TestNG-tests-1] cache:44 - Loading template for "commons/commons-variables.ftl"("en_IN", UTF-8, parsed) from "jar:file:/C:/Users/lamee/.m2/repository/com/aventstack/extentreports/4.1.7/extentreports-4.1.7.jar!/com/aventstack/extentreports/view/commons/commons-variables.ftl"
2022-10-10 13:06:49,810 DEBUG [TestNG-tests-1] cache:44 - Couldn't find template in cache for "commons/commons-macros.ftl"("en_IN", UTF-8, parsed); will try to load it.
2022-10-10 13:06:49,811 DEBUG [TestNG-tests-1] cache:44 - TemplateLoader.findTemplateSource("commons/commons-macros_en_IN.ftl"): Not found
2022-10-10 13:06:49,815 DEBUG [TestNG-tests-1] cache:44 - TemplateLoader.findTemplateSource("commons/commons-macros_en.ftl"): Not found
2022-10-10 13:06:49,819 DEBUG [TestNG-tests-1] cache:44 - TemplateLoader.findTemplateSource("commons/commons-macros.ftl"): Found
2022-10-10 13:06:49,820 DEBUG [TestNG-tests-1] cache:44 - Loading template for "commons/commons-macros.ftl"("en_IN", UTF-8, parsed) from "jar:file:/C:/Users/lamee/.m2/repository/com/aventstack/extentreports/4.1.7/extentreports-4.1.7.jar!/com/aventstack/extentreports/view/commons/commons-macros.ftl"
2022-10-10 13:06:49,900 DEBUG [TestNG-tests-1] cache:44 - Couldn't find template in cache for "spark/macros/attributes.ftl"("en_IN", UTF-8, parsed); will try to load it.
2022-10-10 13:06:49,901 DEBUG [TestNG-tests-1] cache:44 - TemplateLoader.findTemplateSource("spark/macros/attributes_en_IN.ftl"): Not found
2022-10-10 13:06:49,903 DEBUG [TestNG-tests-1] cache:44 - TemplateLoader.findTemplateSource("spark/macros/attributes_en.ftl"): Not found
2022-10-10 13:06:49,952 DEBUG [TestNG-tests-1] cache:44 - TemplateLoader.findTemplateSource("spark/macros/attributes.ftl"): Found
2022-10-10 13:06:49,953 DEBUG [TestNG-tests-1] cache:44 - Loading template for "spark/macros/attributes.ftl"("en_IN", UTF-8, parsed) from "jar:file:/C:/Users/lamee/.m2/repository/com/aventstack/extentreports/4.1.7/extentreports-4.1.7.jar!/com/aventstack/extentreports/view/spark/macros/attributes.ftl"
2022-10-10 13:06:49,963 DEBUG [TestNG-tests-1] cache:44 - Couldn't find template in cache for "spark/macros/log.ftl"("en_IN", UTF-8, parsed); will try to load it.
2022-10-10 13:06:49,966 DEBUG [TestNG-tests-1] cache:44 - TemplateLoader.findTemplateSource("spark/macros/log_en_IN.ftl"): Not found
2022-10-10 13:06:49,969 DEBUG [TestNG-tests-1] cache:44 - TemplateLoader.findTemplateSource("spark/macros/log_en.ftl"): Not found
2022-10-10 13:06:49,971 DEBUG [TestNG-tests-1] cache:44 - TemplateLoader.findTemplateSource("spark/macros/log.ftl"): Found
2022-10-10 13:06:49,971 DEBUG [TestNG-tests-1] cache:44 - Loading template for "spark/macros/log.ftl"("en_IN", UTF-8, parsed) from "jar:file:/C:/Users/lamee/.m2/repository/com/aventstack/extentreports/4.1.7/extentreports-4.1.7.jar!/com/aventstack/extentreports/view/spark/macros/log.ftl"
2022-10-10 13:06:49,975 DEBUG [TestNG-tests-1] cache:44 - Couldn't find template in cache for "spark/macros/recurse_nodes.ftl"("en_IN", UTF-8, parsed); will try to load it.
2022-10-10 13:06:49,976 DEBUG [TestNG-tests-1] cache:44 - TemplateLoader.findTemplateSource("spark/macros/recurse_nodes_en_IN.ftl"): Not found
2022-10-10 13:06:49,977 DEBUG [TestNG-tests-1] cache:44 - TemplateLoader.findTemplateSource("spark/macros/recurse_nodes_en.ftl"): Not found
2022-10-10 13:06:49,978 DEBUG [TestNG-tests-1] cache:44 - TemplateLoader.findTemplateSource("spark/macros/recurse_nodes.ftl"): Found
2022-10-10 13:06:49,979 DEBUG [TestNG-tests-1] cache:44 - Loading template for "spark/macros/recurse_nodes.ftl"("en_IN", UTF-8, parsed) from "jar:file:/C:/Users/lamee/.m2/repository/com/aventstack/extentreports/4.1.7/extentreports-4.1.7.jar!/com/aventstack/extentreports/view/spark/macros/recurse_nodes.ftl"
2022-10-10 13:06:49,984 DEBUG [TestNG-tests-1] cache:44 - "spark/macros/log.ftl"("en_IN", UTF-8, parsed) cached copy not yet stale; using cached.
2022-10-10 13:06:50,000 DEBUG [TestNG-tests-1] cache:44 - Couldn't find template in cache for "spark/partials/head.ftl"("en_IN", UTF-8, parsed); will try to load it.
2022-10-10 13:06:50,001 DEBUG [TestNG-tests-1] cache:44 - TemplateLoader.findTemplateSource("spark/partials/head_en_IN.ftl"): Not found
2022-10-10 13:06:50,002 DEBUG [TestNG-tests-1] cache:44 - TemplateLoader.findTemplateSource("spark/partials/head_en.ftl"): Not found
2022-10-10 13:06:50,006 DEBUG [TestNG-tests-1] cache:44 - TemplateLoader.findTemplateSource("spark/partials/head.ftl"): Found
2022-10-10 13:06:50,006 DEBUG [TestNG-tests-1] cache:44 - Loading template for "spark/partials/head.ftl"("en_IN", UTF-8, parsed) from "jar:file:/C:/Users/lamee/.m2/repository/com/aventstack/extentreports/4.1.7/extentreports-4.1.7.jar!/com/aventstack/extentreports/view/spark/partials/head.ftl"
2022-10-10 13:06:50,015 DEBUG [TestNG-tests-1] cache:44 - Couldn't find template in cache for "commons/commons-inject-css.ftl"("en_IN", UTF-8, parsed); will try to load it.
2022-10-10 13:06:50,017 DEBUG [TestNG-tests-1] cache:44 - TemplateLoader.findTemplateSource("commons/commons-inject-css_en_IN.ftl"): Not found
2022-10-10 13:06:50,065 DEBUG [TestNG-tests-1] cache:44 - TemplateLoader.findTemplateSource("commons/commons-inject-css_en.ftl"): Not found
2022-10-10 13:06:50,067 DEBUG [TestNG-tests-1] cache:44 - TemplateLoader.findTemplateSource("commons/commons-inject-css.ftl"): Found
2022-10-10 13:06:50,069 DEBUG [TestNG-tests-1] cache:44 - Loading template for "commons/commons-inject-css.ftl"("en_IN", UTF-8, parsed) from "jar:file:/C:/Users/lamee/.m2/repository/com/aventstack/extentreports/4.1.7/extentreports-4.1.7.jar!/com/aventstack/extentreports/view/commons/commons-inject-css.ftl"
2022-10-10 13:06:50,071 DEBUG [TestNG-tests-1] cache:44 - Couldn't find template in cache for "spark/partials/navbar.ftl"("en_IN", UTF-8, parsed); will try to load it.
2022-10-10 13:06:50,072 DEBUG [TestNG-tests-1] cache:44 - TemplateLoader.findTemplateSource("spark/partials/navbar_en_IN.ftl"): Not found
2022-10-10 13:06:50,150 DEBUG [TestNG-tests-1] cache:44 - TemplateLoader.findTemplateSource("spark/partials/navbar_en.ftl"): Not found
2022-10-10 13:06:50,151 DEBUG [TestNG-tests-1] cache:44 - TemplateLoader.findTemplateSource("spark/partials/navbar.ftl"): Found
2022-10-10 13:06:50,151 DEBUG [TestNG-tests-1] cache:44 - Loading template for "spark/partials/navbar.ftl"("en_IN", UTF-8, parsed) from "jar:file:/C:/Users/lamee/.m2/repository/com/aventstack/extentreports/4.1.7/extentreports-4.1.7.jar!/com/aventstack/extentreports/view/spark/partials/navbar.ftl"
2022-10-10 13:06:50,164 DEBUG [TestNG-tests-1] cache:44 - Couldn't find template in cache for "spark/partials/sidenav.ftl"("en_IN", UTF-8, parsed); will try to load it.
2022-10-10 13:06:50,164 DEBUG [TestNG-tests-1] cache:44 - TemplateLoader.findTemplateSource("spark/partials/sidenav_en_IN.ftl"): Not found
2022-10-10 13:06:50,165 DEBUG [TestNG-tests-1] cache:44 - TemplateLoader.findTemplateSource("spark/partials/sidenav_en.ftl"): Not found
2022-10-10 13:06:50,166 DEBUG [TestNG-tests-1] cache:44 - TemplateLoader.findTemplateSource("spark/partials/sidenav.ftl"): Found
2022-10-10 13:06:50,167 DEBUG [TestNG-tests-1] cache:44 - Loading template for "spark/partials/sidenav.ftl"("en_IN", UTF-8, parsed) from "jar:file:/C:/Users/lamee/.m2/repository/com/aventstack/extentreports/4.1.7/extentreports-4.1.7.jar!/com/aventstack/extentreports/view/spark/partials/sidenav.ftl"
2022-10-10 13:06:50,171 DEBUG [TestNG-tests-1] cache:44 - Couldn't find template in cache for "spark/partials/test.ftl"("en_IN", UTF-8, parsed); will try to load it.
2022-10-10 13:06:50,172 DEBUG [TestNG-tests-1] cache:44 - TemplateLoader.findTemplateSource("spark/partials/test_en_IN.ftl"): Not found
2022-10-10 13:06:50,173 DEBUG [TestNG-tests-1] cache:44 - TemplateLoader.findTemplateSource("spark/partials/test_en.ftl"): Not found
2022-10-10 13:06:50,175 DEBUG [TestNG-tests-1] cache:44 - TemplateLoader.findTemplateSource("spark/partials/test.ftl"): Found
2022-10-10 13:06:50,175 DEBUG [TestNG-tests-1] cache:44 - Loading template for "spark/partials/test.ftl"("en_IN", UTF-8, parsed) from "jar:file:/C:/Users/lamee/.m2/repository/com/aventstack/extentreports/4.1.7/extentreports-4.1.7.jar!/com/aventstack/extentreports/view/spark/partials/test.ftl"
2022-10-10 13:06:50,244 DEBUG [TestNG-tests-1] cache:44 - Couldn't find template in cache for "spark/partials/standard-content.ftl"("en_IN", UTF-8, parsed); will try to load it.
2022-10-10 13:06:50,245 DEBUG [TestNG-tests-1] cache:44 - TemplateLoader.findTemplateSource("spark/partials/standard-content_en_IN.ftl"): Not found
2022-10-10 13:06:50,246 DEBUG [TestNG-tests-1] cache:44 - TemplateLoader.findTemplateSource("spark/partials/standard-content_en.ftl"): Not found
2022-10-10 13:06:50,247 DEBUG [TestNG-tests-1] cache:44 - TemplateLoader.findTemplateSource("spark/partials/standard-content.ftl"): Found
2022-10-10 13:06:50,248 DEBUG [TestNG-tests-1] cache:44 - Loading template for "spark/partials/standard-content.ftl"("en_IN", UTF-8, parsed) from "jar:file:/C:/Users/lamee/.m2/repository/com/aventstack/extentreports/4.1.7/extentreports-4.1.7.jar!/com/aventstack/extentreports/view/spark/partials/standard-content.ftl"
2022-10-10 13:06:50,267 DEBUG [TestNG-tests-1] cache:44 - Couldn't find template in cache for "spark/partials/dashboard.ftl"("en_IN", UTF-8, parsed); will try to load it.
2022-10-10 13:06:50,269 DEBUG [TestNG-tests-1] cache:44 - TemplateLoader.findTemplateSource("spark/partials/dashboard_en_IN.ftl"): Not found
2022-10-10 13:06:50,280 DEBUG [TestNG-tests-1] cache:44 - TemplateLoader.findTemplateSource("spark/partials/dashboard_en.ftl"): Not found
2022-10-10 13:06:50,283 DEBUG [TestNG-tests-1] cache:44 - TemplateLoader.findTemplateSource("spark/partials/dashboard.ftl"): Found
2022-10-10 13:06:50,284 DEBUG [TestNG-tests-1] cache:44 - Loading template for "spark/partials/dashboard.ftl"("en_IN", UTF-8, parsed) from "jar:file:/C:/Users/lamee/.m2/repository/com/aventstack/extentreports/4.1.7/extentreports-4.1.7.jar!/com/aventstack/extentreports/view/spark/partials/dashboard.ftl"
2022-10-10 13:06:50,496 DEBUG [TestNG-tests-1] cache:44 - Couldn't find template in cache for "spark/partials/scripts.ftl"("en_IN", UTF-8, parsed); will try to load it.
2022-10-10 13:06:50,497 DEBUG [TestNG-tests-1] cache:44 - TemplateLoader.findTemplateSource("spark/partials/scripts_en_IN.ftl"): Not found
2022-10-10 13:06:50,498 DEBUG [TestNG-tests-1] cache:44 - TemplateLoader.findTemplateSource("spark/partials/scripts_en.ftl"): Not found
2022-10-10 13:06:50,499 DEBUG [TestNG-tests-1] cache:44 - TemplateLoader.findTemplateSource("spark/partials/scripts.ftl"): Found
2022-10-10 13:06:50,499 DEBUG [TestNG-tests-1] cache:44 - Loading template for "spark/partials/scripts.ftl"("en_IN", UTF-8, parsed) from "jar:file:/C:/Users/lamee/.m2/repository/com/aventstack/extentreports/4.1.7/extentreports-4.1.7.jar!/com/aventstack/extentreports/view/spark/partials/scripts.ftl"
2022-10-10 13:06:50,502 DEBUG [TestNG-tests-1] cache:44 - Couldn't find template in cache for "commons/commons-inject-js.ftl"("en_IN", UTF-8, parsed); will try to load it.
2022-10-10 13:06:50,503 DEBUG [TestNG-tests-1] cache:44 - TemplateLoader.findTemplateSource("commons/commons-inject-js_en_IN.ftl"): Not found
2022-10-10 13:06:50,504 DEBUG [TestNG-tests-1] cache:44 - TemplateLoader.findTemplateSource("commons/commons-inject-js_en.ftl"): Not found
2022-10-10 13:06:50,509 DEBUG [TestNG-tests-1] cache:44 - TemplateLoader.findTemplateSource("commons/commons-inject-js.ftl"): Found
2022-10-10 13:06:50,510 DEBUG [TestNG-tests-1] cache:44 - Loading template for "commons/commons-inject-js.ftl"("en_IN", UTF-8, parsed) from "jar:file:/C:/Users/lamee/.m2/repository/com/aventstack/extentreports/4.1.7/extentreports-4.1.7.jar!/com/aventstack/extentreports/view/commons/commons-inject-js.ftl"
