2022-10-17 12:15:20,959  INFO [TestNG-test=MsEdge test-1] WebEventListener:48 - Property file path>>>>>>https://classic.crmpro.com/index.html
2022-10-17 12:15:55,926  INFO [TestNG-test=MsEdge test-1] WebEventListener:27 - application successfully opened
2022-10-17 12:15:55,928  INFO [TestNG-test=MsEdge test-1] TestUtil:48 - Property file path>>>>>>https://classic.crmpro.com/index.html
2022-10-17 12:15:55,928  INFO [TestNG-test=MsEdge test-1] LoginPage:48 - Property file path>>>>>>https://classic.crmpro.com/index.html
2022-10-17 12:15:55,930  INFO [TestNG-test=MsEdge test-1] HomePage:48 - Property file path>>>>>>https://classic.crmpro.com/index.html
2022-10-17 12:15:58,529  INFO [TestNG-test=MsEdge test-1] CasesPage:48 - Property file path>>>>>>https://classic.crmpro.com/index.html
2022-10-17 12:16:09,235  INFO [TestNG-test=MsEdge test-1] HomePage:48 - Property file path>>>>>>https://classic.crmpro.com/index.html
2022-10-17 12:16:11,827  INFO [TestNG-test=MsEdge test-1] HomePage:46 - New case page successfully opened
2022-10-17 12:16:16,308  INFO [TestNG-test=MsEdge test-1] HomePage:54 - case page checked ......
2022-10-17 12:16:26,326  INFO [TestNG-test=MsEdge test-2] WebEventListener:48 - Property file path>>>>>>https://classic.crmpro.com/index.html
2022-10-17 12:16:45,769  INFO [TestNG-test=MsEdge test-2] WebEventListener:27 - application successfully opened
2022-10-17 12:16:45,770  INFO [TestNG-test=MsEdge test-2] TestUtil:48 - Property file path>>>>>>https://classic.crmpro.com/index.html
2022-10-17 12:16:45,770  INFO [TestNG-test=MsEdge test-2] LoginPage:48 - Property file path>>>>>>https://classic.crmpro.com/index.html
2022-10-17 12:16:45,771  INFO [TestNG-test=MsEdge test-2] HomePage:48 - Property file path>>>>>>https://classic.crmpro.com/index.html
2022-10-17 12:16:45,773  INFO [TestNG-test=MsEdge test-2] CasesPage:48 - Property file path>>>>>>https://classic.crmpro.com/index.html
2022-10-17 12:17:01,185  INFO [TestNG-test=MsEdge test-2] HomePage:48 - Property file path>>>>>>https://classic.crmpro.com/index.html
2022-10-17 12:17:13,283  INFO [TestNG-test=MsEdge test-2] HomePage:61 - date is picked successfully
2022-10-17 12:17:14,053 DEBUG [main] cache:44 - Couldn't find template in cache for "spark/spark.spa.ftl"("en_IN", UTF-8, parsed); will try to load it.
2022-10-17 12:17:14,055 DEBUG [main] cache:44 - TemplateLoader.findTemplateSource("spark/spark.spa_en_IN.ftl"): Not found
2022-10-17 12:17:14,056 DEBUG [main] cache:44 - TemplateLoader.findTemplateSource("spark/spark.spa_en.ftl"): Not found
2022-10-17 12:17:14,056 DEBUG [main] cache:44 - TemplateLoader.findTemplateSource("spark/spark.spa.ftl"): Found
2022-10-17 12:17:14,057 DEBUG [main] cache:44 - Loading template for "spark/spark.spa.ftl"("en_IN", UTF-8, parsed) from "jar:file:/C:/Users/lamee/.m2/repository/com/aventstack/extentreports/4.1.7/extentreports-4.1.7.jar!/com/aventstack/extentreports/view/spark/spark.spa.ftl"
2022-10-17 12:17:14,066 DEBUG [main] cache:44 - Couldn't find template in cache for "commons/commons-variables.ftl"("en_IN", UTF-8, parsed); will try to load it.
2022-10-17 12:17:14,067 DEBUG [main] cache:44 - TemplateLoader.findTemplateSource("commons/commons-variables_en_IN.ftl"): Not found
2022-10-17 12:17:14,067 DEBUG [main] cache:44 - TemplateLoader.findTemplateSource("commons/commons-variables_en.ftl"): Not found
2022-10-17 12:17:14,068 DEBUG [main] cache:44 - TemplateLoader.findTemplateSource("commons/commons-variables.ftl"): Found
2022-10-17 12:17:14,068 DEBUG [main] cache:44 - Loading template for "commons/commons-variables.ftl"("en_IN", UTF-8, parsed) from "jar:file:/C:/Users/lamee/.m2/repository/com/aventstack/extentreports/4.1.7/extentreports-4.1.7.jar!/com/aventstack/extentreports/view/commons/commons-variables.ftl"
2022-10-17 12:17:14,081 DEBUG [main] cache:44 - Couldn't find template in cache for "commons/commons-macros.ftl"("en_IN", UTF-8, parsed); will try to load it.
2022-10-17 12:17:14,082 DEBUG [main] cache:44 - TemplateLoader.findTemplateSource("commons/commons-macros_en_IN.ftl"): Not found
2022-10-17 12:17:14,084 DEBUG [main] cache:44 - TemplateLoader.findTemplateSource("commons/commons-macros_en.ftl"): Not found
2022-10-17 12:17:14,085 DEBUG [main] cache:44 - TemplateLoader.findTemplateSource("commons/commons-macros.ftl"): Found
2022-10-17 12:17:14,086 DEBUG [main] cache:44 - Loading template for "commons/commons-macros.ftl"("en_IN", UTF-8, parsed) from "jar:file:/C:/Users/lamee/.m2/repository/com/aventstack/extentreports/4.1.7/extentreports-4.1.7.jar!/com/aventstack/extentreports/view/commons/commons-macros.ftl"
2022-10-17 12:17:14,095 DEBUG [main] cache:44 - Couldn't find template in cache for "spark/macros/attributes.ftl"("en_IN", UTF-8, parsed); will try to load it.
2022-10-17 12:17:14,096 DEBUG [main] cache:44 - TemplateLoader.findTemplateSource("spark/macros/attributes_en_IN.ftl"): Not found
2022-10-17 12:17:14,096 DEBUG [main] cache:44 - TemplateLoader.findTemplateSource("spark/macros/attributes_en.ftl"): Not found
2022-10-17 12:17:14,098 DEBUG [main] cache:44 - TemplateLoader.findTemplateSource("spark/macros/attributes.ftl"): Found
2022-10-17 12:17:14,099 DEBUG [main] cache:44 - Loading template for "spark/macros/attributes.ftl"("en_IN", UTF-8, parsed) from "jar:file:/C:/Users/lamee/.m2/repository/com/aventstack/extentreports/4.1.7/extentreports-4.1.7.jar!/com/aventstack/extentreports/view/spark/macros/attributes.ftl"
2022-10-17 12:17:14,103 DEBUG [main] cache:44 - Couldn't find template in cache for "spark/macros/log.ftl"("en_IN", UTF-8, parsed); will try to load it.
2022-10-17 12:17:14,103 DEBUG [main] cache:44 - TemplateLoader.findTemplateSource("spark/macros/log_en_IN.ftl"): Not found
2022-10-17 12:17:14,104 DEBUG [main] cache:44 - TemplateLoader.findTemplateSource("spark/macros/log_en.ftl"): Not found
2022-10-17 12:17:14,105 DEBUG [main] cache:44 - TemplateLoader.findTemplateSource("spark/macros/log.ftl"): Found
2022-10-17 12:17:14,106 DEBUG [main] cache:44 - Loading template for "spark/macros/log.ftl"("en_IN", UTF-8, parsed) from "jar:file:/C:/Users/lamee/.m2/repository/com/aventstack/extentreports/4.1.7/extentreports-4.1.7.jar!/com/aventstack/extentreports/view/spark/macros/log.ftl"
2022-10-17 12:17:14,111 DEBUG [main] cache:44 - Couldn't find template in cache for "spark/macros/recurse_nodes.ftl"("en_IN", UTF-8, parsed); will try to load it.
2022-10-17 12:17:14,111 DEBUG [main] cache:44 - TemplateLoader.findTemplateSource("spark/macros/recurse_nodes_en_IN.ftl"): Not found
2022-10-17 12:17:14,112 DEBUG [main] cache:44 - TemplateLoader.findTemplateSource("spark/macros/recurse_nodes_en.ftl"): Not found
2022-10-17 12:17:14,113 DEBUG [main] cache:44 - TemplateLoader.findTemplateSource("spark/macros/recurse_nodes.ftl"): Found
2022-10-17 12:17:14,114 DEBUG [main] cache:44 - Loading template for "spark/macros/recurse_nodes.ftl"("en_IN", UTF-8, parsed) from "jar:file:/C:/Users/lamee/.m2/repository/com/aventstack/extentreports/4.1.7/extentreports-4.1.7.jar!/com/aventstack/extentreports/view/spark/macros/recurse_nodes.ftl"
2022-10-17 12:17:14,120 DEBUG [main] cache:44 - "spark/macros/log.ftl"("en_IN", UTF-8, parsed) cached copy not yet stale; using cached.
2022-10-17 12:17:14,120 DEBUG [main] cache:44 - Couldn't find template in cache for "spark/partials/head.ftl"("en_IN", UTF-8, parsed); will try to load it.
2022-10-17 12:17:14,121 DEBUG [main] cache:44 - TemplateLoader.findTemplateSource("spark/partials/head_en_IN.ftl"): Not found
2022-10-17 12:17:14,122 DEBUG [main] cache:44 - TemplateLoader.findTemplateSource("spark/partials/head_en.ftl"): Not found
2022-10-17 12:17:14,122 DEBUG [main] cache:44 - TemplateLoader.findTemplateSource("spark/partials/head.ftl"): Found
2022-10-17 12:17:14,122 DEBUG [main] cache:44 - Loading template for "spark/partials/head.ftl"("en_IN", UTF-8, parsed) from "jar:file:/C:/Users/lamee/.m2/repository/com/aventstack/extentreports/4.1.7/extentreports-4.1.7.jar!/com/aventstack/extentreports/view/spark/partials/head.ftl"
2022-10-17 12:17:14,127 DEBUG [main] cache:44 - Couldn't find template in cache for "commons/commons-inject-css.ftl"("en_IN", UTF-8, parsed); will try to load it.
2022-10-17 12:17:14,128 DEBUG [main] cache:44 - TemplateLoader.findTemplateSource("commons/commons-inject-css_en_IN.ftl"): Not found
2022-10-17 12:17:14,128 DEBUG [main] cache:44 - TemplateLoader.findTemplateSource("commons/commons-inject-css_en.ftl"): Not found
2022-10-17 12:17:14,129 DEBUG [main] cache:44 - TemplateLoader.findTemplateSource("commons/commons-inject-css.ftl"): Found
2022-10-17 12:17:14,129 DEBUG [main] cache:44 - Loading template for "commons/commons-inject-css.ftl"("en_IN", UTF-8, parsed) from "jar:file:/C:/Users/lamee/.m2/repository/com/aventstack/extentreports/4.1.7/extentreports-4.1.7.jar!/com/aventstack/extentreports/view/commons/commons-inject-css.ftl"
2022-10-17 12:17:14,131 DEBUG [main] cache:44 - Couldn't find template in cache for "spark/partials/navbar.ftl"("en_IN", UTF-8, parsed); will try to load it.
2022-10-17 12:17:14,133 DEBUG [main] cache:44 - TemplateLoader.findTemplateSource("spark/partials/navbar_en_IN.ftl"): Not found
2022-10-17 12:17:14,133 DEBUG [main] cache:44 - TemplateLoader.findTemplateSource("spark/partials/navbar_en.ftl"): Not found
2022-10-17 12:17:14,134 DEBUG [main] cache:44 - TemplateLoader.findTemplateSource("spark/partials/navbar.ftl"): Found
2022-10-17 12:17:14,134 DEBUG [main] cache:44 - Loading template for "spark/partials/navbar.ftl"("en_IN", UTF-8, parsed) from "jar:file:/C:/Users/lamee/.m2/repository/com/aventstack/extentreports/4.1.7/extentreports-4.1.7.jar!/com/aventstack/extentreports/view/spark/partials/navbar.ftl"
2022-10-17 12:17:14,141 DEBUG [main] cache:44 - Couldn't find template in cache for "spark/partials/sidenav.ftl"("en_IN", UTF-8, parsed); will try to load it.
2022-10-17 12:17:14,142 DEBUG [main] cache:44 - TemplateLoader.findTemplateSource("spark/partials/sidenav_en_IN.ftl"): Not found
2022-10-17 12:17:14,145 DEBUG [main] cache:44 - TemplateLoader.findTemplateSource("spark/partials/sidenav_en.ftl"): Not found
2022-10-17 12:17:14,147 DEBUG [main] cache:44 - TemplateLoader.findTemplateSource("spark/partials/sidenav.ftl"): Found
2022-10-17 12:17:14,148 DEBUG [main] cache:44 - Loading template for "spark/partials/sidenav.ftl"("en_IN", UTF-8, parsed) from "jar:file:/C:/Users/lamee/.m2/repository/com/aventstack/extentreports/4.1.7/extentreports-4.1.7.jar!/com/aventstack/extentreports/view/spark/partials/sidenav.ftl"
2022-10-17 12:17:14,154 DEBUG [main] cache:44 - Couldn't find template in cache for "spark/partials/test.ftl"("en_IN", UTF-8, parsed); will try to load it.
2022-10-17 12:17:14,155 DEBUG [main] cache:44 - TemplateLoader.findTemplateSource("spark/partials/test_en_IN.ftl"): Not found
2022-10-17 12:17:14,156 DEBUG [main] cache:44 - TemplateLoader.findTemplateSource("spark/partials/test_en.ftl"): Not found
2022-10-17 12:17:14,157 DEBUG [main] cache:44 - TemplateLoader.findTemplateSource("spark/partials/test.ftl"): Found
2022-10-17 12:17:14,158 DEBUG [main] cache:44 - Loading template for "spark/partials/test.ftl"("en_IN", UTF-8, parsed) from "jar:file:/C:/Users/lamee/.m2/repository/com/aventstack/extentreports/4.1.7/extentreports-4.1.7.jar!/com/aventstack/extentreports/view/spark/partials/test.ftl"
2022-10-17 12:17:14,174 DEBUG [main] cache:44 - Couldn't find template in cache for "spark/partials/standard-content.ftl"("en_IN", UTF-8, parsed); will try to load it.
2022-10-17 12:17:14,175 DEBUG [main] cache:44 - TemplateLoader.findTemplateSource("spark/partials/standard-content_en_IN.ftl"): Not found
2022-10-17 12:17:14,176 DEBUG [main] cache:44 - TemplateLoader.findTemplateSource("spark/partials/standard-content_en.ftl"): Not found
2022-10-17 12:17:14,176 DEBUG [main] cache:44 - TemplateLoader.findTemplateSource("spark/partials/standard-content.ftl"): Found
2022-10-17 12:17:14,177 DEBUG [main] cache:44 - Loading template for "spark/partials/standard-content.ftl"("en_IN", UTF-8, parsed) from "jar:file:/C:/Users/lamee/.m2/repository/com/aventstack/extentreports/4.1.7/extentreports-4.1.7.jar!/com/aventstack/extentreports/view/spark/partials/standard-content.ftl"
2022-10-17 12:17:14,180 DEBUG [main] cache:44 - "spark/partials/standard-content.ftl"("en_IN", UTF-8, parsed) cached copy not yet stale; using cached.
2022-10-17 12:17:14,182 DEBUG [main] cache:44 - Couldn't find template in cache for "spark/partials/dashboard.ftl"("en_IN", UTF-8, parsed); will try to load it.
2022-10-17 12:17:14,183 DEBUG [main] cache:44 - TemplateLoader.findTemplateSource("spark/partials/dashboard_en_IN.ftl"): Not found
2022-10-17 12:17:14,183 DEBUG [main] cache:44 - TemplateLoader.findTemplateSource("spark/partials/dashboard_en.ftl"): Not found
2022-10-17 12:17:14,184 DEBUG [main] cache:44 - TemplateLoader.findTemplateSource("spark/partials/dashboard.ftl"): Found
2022-10-17 12:17:14,184 DEBUG [main] cache:44 - Loading template for "spark/partials/dashboard.ftl"("en_IN", UTF-8, parsed) from "jar:file:/C:/Users/lamee/.m2/repository/com/aventstack/extentreports/4.1.7/extentreports-4.1.7.jar!/com/aventstack/extentreports/view/spark/partials/dashboard.ftl"
2022-10-17 12:17:14,215 DEBUG [main] cache:44 - Couldn't find template in cache for "spark/partials/scripts.ftl"("en_IN", UTF-8, parsed); will try to load it.
2022-10-17 12:17:14,216 DEBUG [main] cache:44 - TemplateLoader.findTemplateSource("spark/partials/scripts_en_IN.ftl"): Not found
2022-10-17 12:17:14,216 DEBUG [main] cache:44 - TemplateLoader.findTemplateSource("spark/partials/scripts_en.ftl"): Not found
2022-10-17 12:17:14,217 DEBUG [main] cache:44 - TemplateLoader.findTemplateSource("spark/partials/scripts.ftl"): Found
2022-10-17 12:17:14,217 DEBUG [main] cache:44 - Loading template for "spark/partials/scripts.ftl"("en_IN", UTF-8, parsed) from "jar:file:/C:/Users/lamee/.m2/repository/com/aventstack/extentreports/4.1.7/extentreports-4.1.7.jar!/com/aventstack/extentreports/view/spark/partials/scripts.ftl"
2022-10-17 12:17:14,220 DEBUG [main] cache:44 - Couldn't find template in cache for "commons/commons-inject-js.ftl"("en_IN", UTF-8, parsed); will try to load it.
2022-10-17 12:17:14,220 DEBUG [main] cache:44 - TemplateLoader.findTemplateSource("commons/commons-inject-js_en_IN.ftl"): Not found
2022-10-17 12:17:14,221 DEBUG [main] cache:44 - TemplateLoader.findTemplateSource("commons/commons-inject-js_en.ftl"): Not found
2022-10-17 12:17:14,222 DEBUG [main] cache:44 - TemplateLoader.findTemplateSource("commons/commons-inject-js.ftl"): Found
2022-10-17 12:17:14,222 DEBUG [main] cache:44 - Loading template for "commons/commons-inject-js.ftl"("en_IN", UTF-8, parsed) from "jar:file:/C:/Users/lamee/.m2/repository/com/aventstack/extentreports/4.1.7/extentreports-4.1.7.jar!/com/aventstack/extentreports/view/commons/commons-inject-js.ftl"
