2022-10-10 12:45:17,401  INFO [TestNG-tests-1] CasePageTest:73 - Chrome driver initiated........
2022-10-10 12:45:17,475  INFO [TestNG-tests-1] WebEventListener:48 - Property file path>>>>>>https://classic.crmpro.com/index.html
2022-10-10 12:45:31,088  INFO [TestNG-tests-1] WebEventListener:27 - application successfully opened
2022-10-10 12:45:31,089  INFO [TestNG-tests-1] TestUtil:48 - Property file path>>>>>>https://classic.crmpro.com/index.html
2022-10-10 12:45:34,816  INFO [TestNG-tests-1] LoginPage:48 - Property file path>>>>>>https://classic.crmpro.com/index.html
2022-10-10 12:45:35,256  INFO [TestNG-tests-1] HomePage:48 - Property file path>>>>>>https://classic.crmpro.com/index.html
2022-10-10 12:45:35,691  INFO [TestNG-tests-1] CasesPage:48 - Property file path>>>>>>https://classic.crmpro.com/index.html
2022-10-10 12:45:47,871  INFO [TestNG-tests-1] HomePage:48 - Property file path>>>>>>https://classic.crmpro.com/index.html
2022-10-10 12:45:48,246  INFO [TestNG-tests-1] HomePage:40 - username verified
2022-10-10 12:45:49,506  INFO [TestNG-tests-1] HomePage:119 - Browser Terminated
2022-10-10 12:45:49,507  INFO [TestNG-tests-1] HomePage:120 - -----------------------------------------------
2022-10-10 12:46:05,299  INFO [TestNG-tests-1] HomePage:73 - Chrome driver initiated........
2022-10-10 12:46:05,301  INFO [TestNG-tests-1] WebEventListener:48 - Property file path>>>>>>https://classic.crmpro.com/index.html
2022-10-10 12:46:22,854  INFO [TestNG-tests-1] WebEventListener:27 - application successfully opened
2022-10-10 12:46:22,856  INFO [TestNG-tests-1] TestUtil:48 - Property file path>>>>>>https://classic.crmpro.com/index.html
2022-10-10 12:46:22,859  INFO [TestNG-tests-1] LoginPage:48 - Property file path>>>>>>https://classic.crmpro.com/index.html
2022-10-10 12:46:22,860  INFO [TestNG-tests-1] HomePage:48 - Property file path>>>>>>https://classic.crmpro.com/index.html
2022-10-10 12:46:22,864  INFO [TestNG-tests-1] CasesPage:48 - Property file path>>>>>>https://classic.crmpro.com/index.html
2022-10-10 12:46:49,027  INFO [TestNG-tests-1] HomePage:48 - Property file path>>>>>>https://classic.crmpro.com/index.html
2022-10-10 12:46:55,573  INFO [TestNG-tests-1] HomePage:46 - New case page successfully opened
2022-10-10 12:47:03,474  INFO [TestNG-tests-1] HomePage:54 - case page checked ......
2022-10-10 12:47:06,283  INFO [TestNG-tests-1] HomePage:119 - Browser Terminated
2022-10-10 12:47:06,283  INFO [TestNG-tests-1] HomePage:120 - -----------------------------------------------
2022-10-10 12:47:46,335  INFO [TestNG-tests-1] HomePage:73 - Chrome driver initiated........
2022-10-10 12:47:46,336  INFO [TestNG-tests-1] WebEventListener:48 - Property file path>>>>>>https://classic.crmpro.com/index.html
2022-10-10 12:48:14,091  INFO [TestNG-tests-1] WebEventListener:27 - application successfully opened
2022-10-10 12:48:14,092  INFO [TestNG-tests-1] TestUtil:48 - Property file path>>>>>>https://classic.crmpro.com/index.html
2022-10-10 12:48:14,093  INFO [TestNG-tests-1] LoginPage:48 - Property file path>>>>>>https://classic.crmpro.com/index.html
2022-10-10 12:48:14,095  INFO [TestNG-tests-1] HomePage:48 - Property file path>>>>>>https://classic.crmpro.com/index.html
2022-10-10 12:48:14,097  INFO [TestNG-tests-1] CasesPage:48 - Property file path>>>>>>https://classic.crmpro.com/index.html
2022-10-10 12:48:54,498  INFO [TestNG-tests-1] HomePage:48 - Property file path>>>>>>https://classic.crmpro.com/index.html
2022-10-10 12:49:09,549  INFO [TestNG-tests-1] HomePage:61 - date is picked successfully
2022-10-10 12:49:17,319  INFO [TestNG-tests-1] HomePage:119 - Browser Terminated
2022-10-10 12:49:17,320  INFO [TestNG-tests-1] HomePage:120 - -----------------------------------------------
2022-10-10 12:49:22,437 DEBUG [TestNG-tests-1] cache:44 - Couldn't find template in cache for "spark/spark.spa.ftl"("en_IN", UTF-8, parsed); will try to load it.
2022-10-10 12:49:22,442 DEBUG [TestNG-tests-1] cache:44 - TemplateLoader.findTemplateSource("spark/spark.spa_en_IN.ftl"): Not found
2022-10-10 12:49:22,446 DEBUG [TestNG-tests-1] cache:44 - TemplateLoader.findTemplateSource("spark/spark.spa_en.ftl"): Not found
2022-10-10 12:49:22,451 DEBUG [TestNG-tests-1] cache:44 - TemplateLoader.findTemplateSource("spark/spark.spa.ftl"): Found
2022-10-10 12:49:22,452 DEBUG [TestNG-tests-1] cache:44 - Loading template for "spark/spark.spa.ftl"("en_IN", UTF-8, parsed) from "jar:file:/C:/Users/lamee/.m2/repository/com/aventstack/extentreports/4.1.7/extentreports-4.1.7.jar!/com/aventstack/extentreports/view/spark/spark.spa.ftl"
2022-10-10 12:49:23,832 DEBUG [TestNG-tests-1] cache:44 - Couldn't find template in cache for "commons/commons-variables.ftl"("en_IN", UTF-8, parsed); will try to load it.
2022-10-10 12:49:23,833 DEBUG [TestNG-tests-1] cache:44 - TemplateLoader.findTemplateSource("commons/commons-variables_en_IN.ftl"): Not found
2022-10-10 12:49:23,833 DEBUG [TestNG-tests-1] cache:44 - TemplateLoader.findTemplateSource("commons/commons-variables_en.ftl"): Not found
2022-10-10 12:49:23,834 DEBUG [TestNG-tests-1] cache:44 - TemplateLoader.findTemplateSource("commons/commons-variables.ftl"): Found
2022-10-10 12:49:23,835 DEBUG [TestNG-tests-1] cache:44 - Loading template for "commons/commons-variables.ftl"("en_IN", UTF-8, parsed) from "jar:file:/C:/Users/lamee/.m2/repository/com/aventstack/extentreports/4.1.7/extentreports-4.1.7.jar!/com/aventstack/extentreports/view/commons/commons-variables.ftl"
2022-10-10 12:49:25,303 DEBUG [TestNG-tests-1] cache:44 - Couldn't find template in cache for "commons/commons-macros.ftl"("en_IN", UTF-8, parsed); will try to load it.
2022-10-10 12:49:25,305 DEBUG [TestNG-tests-1] cache:44 - TemplateLoader.findTemplateSource("commons/commons-macros_en_IN.ftl"): Not found
2022-10-10 12:49:25,306 DEBUG [TestNG-tests-1] cache:44 - TemplateLoader.findTemplateSource("commons/commons-macros_en.ftl"): Not found
2022-10-10 12:49:25,307 DEBUG [TestNG-tests-1] cache:44 - TemplateLoader.findTemplateSource("commons/commons-macros.ftl"): Found
2022-10-10 12:49:25,308 DEBUG [TestNG-tests-1] cache:44 - Loading template for "commons/commons-macros.ftl"("en_IN", UTF-8, parsed) from "jar:file:/C:/Users/lamee/.m2/repository/com/aventstack/extentreports/4.1.7/extentreports-4.1.7.jar!/com/aventstack/extentreports/view/commons/commons-macros.ftl"
2022-10-10 12:49:25,330 DEBUG [TestNG-tests-1] cache:44 - Couldn't find template in cache for "spark/macros/attributes.ftl"("en_IN", UTF-8, parsed); will try to load it.
2022-10-10 12:49:25,333 DEBUG [TestNG-tests-1] cache:44 - TemplateLoader.findTemplateSource("spark/macros/attributes_en_IN.ftl"): Not found
2022-10-10 12:49:25,334 DEBUG [TestNG-tests-1] cache:44 - TemplateLoader.findTemplateSource("spark/macros/attributes_en.ftl"): Not found
2022-10-10 12:49:25,413 DEBUG [TestNG-tests-1] cache:44 - TemplateLoader.findTemplateSource("spark/macros/attributes.ftl"): Found
2022-10-10 12:49:25,414 DEBUG [TestNG-tests-1] cache:44 - Loading template for "spark/macros/attributes.ftl"("en_IN", UTF-8, parsed) from "jar:file:/C:/Users/lamee/.m2/repository/com/aventstack/extentreports/4.1.7/extentreports-4.1.7.jar!/com/aventstack/extentreports/view/spark/macros/attributes.ftl"
2022-10-10 12:49:25,420 DEBUG [TestNG-tests-1] cache:44 - Couldn't find template in cache for "spark/macros/log.ftl"("en_IN", UTF-8, parsed); will try to load it.
2022-10-10 12:49:25,421 DEBUG [TestNG-tests-1] cache:44 - TemplateLoader.findTemplateSource("spark/macros/log_en_IN.ftl"): Not found
2022-10-10 12:49:25,422 DEBUG [TestNG-tests-1] cache:44 - TemplateLoader.findTemplateSource("spark/macros/log_en.ftl"): Not found
2022-10-10 12:49:25,423 DEBUG [TestNG-tests-1] cache:44 - TemplateLoader.findTemplateSource("spark/macros/log.ftl"): Found
2022-10-10 12:49:25,423 DEBUG [TestNG-tests-1] cache:44 - Loading template for "spark/macros/log.ftl"("en_IN", UTF-8, parsed) from "jar:file:/C:/Users/lamee/.m2/repository/com/aventstack/extentreports/4.1.7/extentreports-4.1.7.jar!/com/aventstack/extentreports/view/spark/macros/log.ftl"
2022-10-10 12:49:25,428 DEBUG [TestNG-tests-1] cache:44 - Couldn't find template in cache for "spark/macros/recurse_nodes.ftl"("en_IN", UTF-8, parsed); will try to load it.
2022-10-10 12:49:25,429 DEBUG [TestNG-tests-1] cache:44 - TemplateLoader.findTemplateSource("spark/macros/recurse_nodes_en_IN.ftl"): Not found
2022-10-10 12:49:25,431 DEBUG [TestNG-tests-1] cache:44 - TemplateLoader.findTemplateSource("spark/macros/recurse_nodes_en.ftl"): Not found
2022-10-10 12:49:25,432 DEBUG [TestNG-tests-1] cache:44 - TemplateLoader.findTemplateSource("spark/macros/recurse_nodes.ftl"): Found
2022-10-10 12:49:25,434 DEBUG [TestNG-tests-1] cache:44 - Loading template for "spark/macros/recurse_nodes.ftl"("en_IN", UTF-8, parsed) from "jar:file:/C:/Users/lamee/.m2/repository/com/aventstack/extentreports/4.1.7/extentreports-4.1.7.jar!/com/aventstack/extentreports/view/spark/macros/recurse_nodes.ftl"
2022-10-10 12:49:25,444 DEBUG [TestNG-tests-1] cache:44 - "spark/macros/log.ftl"("en_IN", UTF-8, parsed) cached copy not yet stale; using cached.
2022-10-10 12:49:25,466 DEBUG [TestNG-tests-1] cache:44 - Couldn't find template in cache for "spark/partials/head.ftl"("en_IN", UTF-8, parsed); will try to load it.
2022-10-10 12:49:25,466 DEBUG [TestNG-tests-1] cache:44 - TemplateLoader.findTemplateSource("spark/partials/head_en_IN.ftl"): Not found
2022-10-10 12:49:25,466 DEBUG [TestNG-tests-1] cache:44 - TemplateLoader.findTemplateSource("spark/partials/head_en.ftl"): Not found
2022-10-10 12:49:25,471 DEBUG [TestNG-tests-1] cache:44 - TemplateLoader.findTemplateSource("spark/partials/head.ftl"): Found
2022-10-10 12:49:25,471 DEBUG [TestNG-tests-1] cache:44 - Loading template for "spark/partials/head.ftl"("en_IN", UTF-8, parsed) from "jar:file:/C:/Users/lamee/.m2/repository/com/aventstack/extentreports/4.1.7/extentreports-4.1.7.jar!/com/aventstack/extentreports/view/spark/partials/head.ftl"
2022-10-10 12:49:25,476 DEBUG [TestNG-tests-1] cache:44 - Couldn't find template in cache for "commons/commons-inject-css.ftl"("en_IN", UTF-8, parsed); will try to load it.
2022-10-10 12:49:25,476 DEBUG [TestNG-tests-1] cache:44 - TemplateLoader.findTemplateSource("commons/commons-inject-css_en_IN.ftl"): Not found
2022-10-10 12:49:25,627 DEBUG [TestNG-tests-1] cache:44 - TemplateLoader.findTemplateSource("commons/commons-inject-css_en.ftl"): Not found
2022-10-10 12:49:25,629 DEBUG [TestNG-tests-1] cache:44 - TemplateLoader.findTemplateSource("commons/commons-inject-css.ftl"): Found
2022-10-10 12:49:25,630 DEBUG [TestNG-tests-1] cache:44 - Loading template for "commons/commons-inject-css.ftl"("en_IN", UTF-8, parsed) from "jar:file:/C:/Users/lamee/.m2/repository/com/aventstack/extentreports/4.1.7/extentreports-4.1.7.jar!/com/aventstack/extentreports/view/commons/commons-inject-css.ftl"
2022-10-10 12:49:25,632 DEBUG [TestNG-tests-1] cache:44 - Couldn't find template in cache for "spark/partials/navbar.ftl"("en_IN", UTF-8, parsed); will try to load it.
2022-10-10 12:49:25,633 DEBUG [TestNG-tests-1] cache:44 - TemplateLoader.findTemplateSource("spark/partials/navbar_en_IN.ftl"): Not found
2022-10-10 12:49:25,645 DEBUG [TestNG-tests-1] cache:44 - TemplateLoader.findTemplateSource("spark/partials/navbar_en.ftl"): Not found
2022-10-10 12:49:25,647 DEBUG [TestNG-tests-1] cache:44 - TemplateLoader.findTemplateSource("spark/partials/navbar.ftl"): Found
2022-10-10 12:49:25,648 DEBUG [TestNG-tests-1] cache:44 - Loading template for "spark/partials/navbar.ftl"("en_IN", UTF-8, parsed) from "jar:file:/C:/Users/lamee/.m2/repository/com/aventstack/extentreports/4.1.7/extentreports-4.1.7.jar!/com/aventstack/extentreports/view/spark/partials/navbar.ftl"
2022-10-10 12:49:25,663 DEBUG [TestNG-tests-1] cache:44 - Couldn't find template in cache for "spark/partials/sidenav.ftl"("en_IN", UTF-8, parsed); will try to load it.
2022-10-10 12:49:25,664 DEBUG [TestNG-tests-1] cache:44 - TemplateLoader.findTemplateSource("spark/partials/sidenav_en_IN.ftl"): Not found
2022-10-10 12:49:25,665 DEBUG [TestNG-tests-1] cache:44 - TemplateLoader.findTemplateSource("spark/partials/sidenav_en.ftl"): Not found
2022-10-10 12:49:25,667 DEBUG [TestNG-tests-1] cache:44 - TemplateLoader.findTemplateSource("spark/partials/sidenav.ftl"): Found
2022-10-10 12:49:25,669 DEBUG [TestNG-tests-1] cache:44 - Loading template for "spark/partials/sidenav.ftl"("en_IN", UTF-8, parsed) from "jar:file:/C:/Users/lamee/.m2/repository/com/aventstack/extentreports/4.1.7/extentreports-4.1.7.jar!/com/aventstack/extentreports/view/spark/partials/sidenav.ftl"
2022-10-10 12:49:25,675 DEBUG [TestNG-tests-1] cache:44 - Couldn't find template in cache for "spark/partials/test.ftl"("en_IN", UTF-8, parsed); will try to load it.
2022-10-10 12:49:25,677 DEBUG [TestNG-tests-1] cache:44 - TemplateLoader.findTemplateSource("spark/partials/test_en_IN.ftl"): Not found
2022-10-10 12:49:25,678 DEBUG [TestNG-tests-1] cache:44 - TemplateLoader.findTemplateSource("spark/partials/test_en.ftl"): Not found
2022-10-10 12:49:25,679 DEBUG [TestNG-tests-1] cache:44 - TemplateLoader.findTemplateSource("spark/partials/test.ftl"): Found
2022-10-10 12:49:25,679 DEBUG [TestNG-tests-1] cache:44 - Loading template for "spark/partials/test.ftl"("en_IN", UTF-8, parsed) from "jar:file:/C:/Users/lamee/.m2/repository/com/aventstack/extentreports/4.1.7/extentreports-4.1.7.jar!/com/aventstack/extentreports/view/spark/partials/test.ftl"
2022-10-10 12:49:25,741 DEBUG [TestNG-tests-1] cache:44 - Couldn't find template in cache for "spark/partials/standard-content.ftl"("en_IN", UTF-8, parsed); will try to load it.
2022-10-10 12:49:25,743 DEBUG [TestNG-tests-1] cache:44 - TemplateLoader.findTemplateSource("spark/partials/standard-content_en_IN.ftl"): Not found
2022-10-10 12:49:25,744 DEBUG [TestNG-tests-1] cache:44 - TemplateLoader.findTemplateSource("spark/partials/standard-content_en.ftl"): Not found
2022-10-10 12:49:25,745 DEBUG [TestNG-tests-1] cache:44 - TemplateLoader.findTemplateSource("spark/partials/standard-content.ftl"): Found
2022-10-10 12:49:25,746 DEBUG [TestNG-tests-1] cache:44 - Loading template for "spark/partials/standard-content.ftl"("en_IN", UTF-8, parsed) from "jar:file:/C:/Users/lamee/.m2/repository/com/aventstack/extentreports/4.1.7/extentreports-4.1.7.jar!/com/aventstack/extentreports/view/spark/partials/standard-content.ftl"
2022-10-10 12:49:25,761 DEBUG [TestNG-tests-1] cache:44 - "spark/partials/standard-content.ftl"("en_IN", UTF-8, parsed) cached copy not yet stale; using cached.
2022-10-10 12:49:25,763 DEBUG [TestNG-tests-1] cache:44 - "spark/partials/standard-content.ftl"("en_IN", UTF-8, parsed) cached copy not yet stale; using cached.
2022-10-10 12:49:25,764 DEBUG [TestNG-tests-1] cache:44 - Couldn't find template in cache for "spark/partials/dashboard.ftl"("en_IN", UTF-8, parsed); will try to load it.
2022-10-10 12:49:25,765 DEBUG [TestNG-tests-1] cache:44 - TemplateLoader.findTemplateSource("spark/partials/dashboard_en_IN.ftl"): Not found
2022-10-10 12:49:25,766 DEBUG [TestNG-tests-1] cache:44 - TemplateLoader.findTemplateSource("spark/partials/dashboard_en.ftl"): Not found
2022-10-10 12:49:25,767 DEBUG [TestNG-tests-1] cache:44 - TemplateLoader.findTemplateSource("spark/partials/dashboard.ftl"): Found
2022-10-10 12:49:25,768 DEBUG [TestNG-tests-1] cache:44 - Loading template for "spark/partials/dashboard.ftl"("en_IN", UTF-8, parsed) from "jar:file:/C:/Users/lamee/.m2/repository/com/aventstack/extentreports/4.1.7/extentreports-4.1.7.jar!/com/aventstack/extentreports/view/spark/partials/dashboard.ftl"
2022-10-10 12:49:26,317 DEBUG [TestNG-tests-1] cache:44 - Couldn't find template in cache for "spark/partials/scripts.ftl"("en_IN", UTF-8, parsed); will try to load it.
2022-10-10 12:49:26,318 DEBUG [TestNG-tests-1] cache:44 - TemplateLoader.findTemplateSource("spark/partials/scripts_en_IN.ftl"): Not found
2022-10-10 12:49:26,320 DEBUG [TestNG-tests-1] cache:44 - TemplateLoader.findTemplateSource("spark/partials/scripts_en.ftl"): Not found
2022-10-10 12:49:26,321 DEBUG [TestNG-tests-1] cache:44 - TemplateLoader.findTemplateSource("spark/partials/scripts.ftl"): Found
2022-10-10 12:49:26,322 DEBUG [TestNG-tests-1] cache:44 - Loading template for "spark/partials/scripts.ftl"("en_IN", UTF-8, parsed) from "jar:file:/C:/Users/lamee/.m2/repository/com/aventstack/extentreports/4.1.7/extentreports-4.1.7.jar!/com/aventstack/extentreports/view/spark/partials/scripts.ftl"
2022-10-10 12:49:26,440 DEBUG [TestNG-tests-1] cache:44 - Couldn't find template in cache for "commons/commons-inject-js.ftl"("en_IN", UTF-8, parsed); will try to load it.
2022-10-10 12:49:26,441 DEBUG [TestNG-tests-1] cache:44 - TemplateLoader.findTemplateSource("commons/commons-inject-js_en_IN.ftl"): Not found
2022-10-10 12:49:26,445 DEBUG [TestNG-tests-1] cache:44 - TemplateLoader.findTemplateSource("commons/commons-inject-js_en.ftl"): Not found
2022-10-10 12:49:26,447 DEBUG [TestNG-tests-1] cache:44 - TemplateLoader.findTemplateSource("commons/commons-inject-js.ftl"): Found
2022-10-10 12:49:26,448 DEBUG [TestNG-tests-1] cache:44 - Loading template for "commons/commons-inject-js.ftl"("en_IN", UTF-8, parsed) from "jar:file:/C:/Users/lamee/.m2/repository/com/aventstack/extentreports/4.1.7/extentreports-4.1.7.jar!/com/aventstack/extentreports/view/commons/commons-inject-js.ftl"
