2022-10-09 10:02:18,185  INFO [TestNG-tests-1] CasePageTest:73 - Chrome driver initiated........
2022-10-09 10:02:19,712  INFO [TestNG-tests-1] WebEventListener:48 - Property file path>>>>>>https://classic.crmpro.com/index.html
2022-10-09 10:02:35,324  INFO [TestNG-tests-1] WebEventListener:27 - application successfully opened
2022-10-09 10:02:35,325  INFO [TestNG-tests-1] TestUtil:48 - Property file path>>>>>>https://classic.crmpro.com/index.html
2022-10-09 10:02:35,705  INFO [TestNG-tests-1] LoginPage:48 - Property file path>>>>>>https://classic.crmpro.com/index.html
2022-10-09 10:02:36,205  INFO [TestNG-tests-1] HomePage:48 - Property file path>>>>>>https://classic.crmpro.com/index.html
2022-10-09 10:02:36,280  INFO [TestNG-tests-1] CasesPage:48 - Property file path>>>>>>https://classic.crmpro.com/index.html
2022-10-09 10:03:00,178  INFO [TestNG-tests-1] HomePage:48 - Property file path>>>>>>https://classic.crmpro.com/index.html
2022-10-09 10:03:00,532  INFO [TestNG-tests-1] HomePage:40 - username verified
2022-10-09 10:03:01,445  INFO [TestNG-tests-1] HomePage:119 - Browser Terminated
2022-10-09 10:03:01,446  INFO [TestNG-tests-1] HomePage:120 - -----------------------------------------------
2022-10-09 10:03:07,262  INFO [TestNG-tests-1] HomePage:73 - Chrome driver initiated........
2022-10-09 10:03:07,264  INFO [TestNG-tests-1] WebEventListener:48 - Property file path>>>>>>https://classic.crmpro.com/index.html
2022-10-09 10:03:21,383  INFO [TestNG-tests-1] WebEventListener:27 - application successfully opened
2022-10-09 10:03:21,384  INFO [TestNG-tests-1] TestUtil:48 - Property file path>>>>>>https://classic.crmpro.com/index.html
2022-10-09 10:03:21,385  INFO [TestNG-tests-1] LoginPage:48 - Property file path>>>>>>https://classic.crmpro.com/index.html
2022-10-09 10:03:21,387  INFO [TestNG-tests-1] HomePage:48 - Property file path>>>>>>https://classic.crmpro.com/index.html
2022-10-09 10:03:21,388  INFO [TestNG-tests-1] CasesPage:48 - Property file path>>>>>>https://classic.crmpro.com/index.html
2022-10-09 10:03:34,294  INFO [TestNG-tests-1] HomePage:48 - Property file path>>>>>>https://classic.crmpro.com/index.html
2022-10-09 10:03:38,861  INFO [TestNG-tests-1] HomePage:46 - New case page successfully opened
2022-10-09 10:03:44,208  INFO [TestNG-tests-1] HomePage:54 - case page checked ......
2022-10-09 10:03:46,070  INFO [TestNG-tests-1] HomePage:119 - Browser Terminated
2022-10-09 10:03:46,070  INFO [TestNG-tests-1] HomePage:120 - -----------------------------------------------
2022-10-09 10:03:49,110  INFO [TestNG-tests-1] HomePage:73 - Chrome driver initiated........
2022-10-09 10:03:49,111  INFO [TestNG-tests-1] WebEventListener:48 - Property file path>>>>>>https://classic.crmpro.com/index.html
2022-10-09 10:04:01,485  INFO [TestNG-tests-1] WebEventListener:27 - application successfully opened
2022-10-09 10:04:01,486  INFO [TestNG-tests-1] TestUtil:48 - Property file path>>>>>>https://classic.crmpro.com/index.html
2022-10-09 10:04:01,487  INFO [TestNG-tests-1] LoginPage:48 - Property file path>>>>>>https://classic.crmpro.com/index.html
2022-10-09 10:04:01,490  INFO [TestNG-tests-1] HomePage:48 - Property file path>>>>>>https://classic.crmpro.com/index.html
2022-10-09 10:04:01,491  INFO [TestNG-tests-1] CasesPage:48 - Property file path>>>>>>https://classic.crmpro.com/index.html
2022-10-09 10:04:11,292  INFO [TestNG-tests-1] HomePage:48 - Property file path>>>>>>https://classic.crmpro.com/index.html
2022-10-09 10:04:31,503  INFO [TestNG-tests-1] HomePage:61 - date is picked successfully
2022-10-09 10:04:34,524  INFO [TestNG-tests-1] HomePage:119 - Browser Terminated
2022-10-09 10:04:34,524  INFO [TestNG-tests-1] HomePage:120 - -----------------------------------------------
2022-10-09 10:04:34,885 DEBUG [TestNG-tests-1] cache:44 - Couldn't find template in cache for "spark/spark.spa.ftl"("en_IN", UTF-8, parsed); will try to load it.
2022-10-09 10:04:34,889 DEBUG [TestNG-tests-1] cache:44 - TemplateLoader.findTemplateSource("spark/spark.spa_en_IN.ftl"): Not found
2022-10-09 10:04:34,892 DEBUG [TestNG-tests-1] cache:44 - TemplateLoader.findTemplateSource("spark/spark.spa_en.ftl"): Not found
2022-10-09 10:04:34,896 DEBUG [TestNG-tests-1] cache:44 - TemplateLoader.findTemplateSource("spark/spark.spa.ftl"): Found
2022-10-09 10:04:34,897 DEBUG [TestNG-tests-1] cache:44 - Loading template for "spark/spark.spa.ftl"("en_IN", UTF-8, parsed) from "jar:file:/C:/Users/lamee/.m2/repository/com/aventstack/extentreports/4.1.7/extentreports-4.1.7.jar!/com/aventstack/extentreports/view/spark/spark.spa.ftl"
2022-10-09 10:04:36,809 DEBUG [TestNG-tests-1] cache:44 - Couldn't find template in cache for "commons/commons-variables.ftl"("en_IN", UTF-8, parsed); will try to load it.
2022-10-09 10:04:36,995 DEBUG [TestNG-tests-1] cache:44 - TemplateLoader.findTemplateSource("commons/commons-variables_en_IN.ftl"): Not found
2022-10-09 10:04:36,996 DEBUG [TestNG-tests-1] cache:44 - TemplateLoader.findTemplateSource("commons/commons-variables_en.ftl"): Not found
2022-10-09 10:04:36,996 DEBUG [TestNG-tests-1] cache:44 - TemplateLoader.findTemplateSource("commons/commons-variables.ftl"): Found
2022-10-09 10:04:36,997 DEBUG [TestNG-tests-1] cache:44 - Loading template for "commons/commons-variables.ftl"("en_IN", UTF-8, parsed) from "jar:file:/C:/Users/lamee/.m2/repository/com/aventstack/extentreports/4.1.7/extentreports-4.1.7.jar!/com/aventstack/extentreports/view/commons/commons-variables.ftl"
2022-10-09 10:04:37,597 DEBUG [TestNG-tests-1] cache:44 - Couldn't find template in cache for "commons/commons-macros.ftl"("en_IN", UTF-8, parsed); will try to load it.
2022-10-09 10:04:37,599 DEBUG [TestNG-tests-1] cache:44 - TemplateLoader.findTemplateSource("commons/commons-macros_en_IN.ftl"): Not found
2022-10-09 10:04:37,600 DEBUG [TestNG-tests-1] cache:44 - TemplateLoader.findTemplateSource("commons/commons-macros_en.ftl"): Not found
2022-10-09 10:04:37,602 DEBUG [TestNG-tests-1] cache:44 - TemplateLoader.findTemplateSource("commons/commons-macros.ftl"): Found
2022-10-09 10:04:37,605 DEBUG [TestNG-tests-1] cache:44 - Loading template for "commons/commons-macros.ftl"("en_IN", UTF-8, parsed) from "jar:file:/C:/Users/lamee/.m2/repository/com/aventstack/extentreports/4.1.7/extentreports-4.1.7.jar!/com/aventstack/extentreports/view/commons/commons-macros.ftl"
2022-10-09 10:04:37,654 DEBUG [TestNG-tests-1] cache:44 - Couldn't find template in cache for "spark/macros/attributes.ftl"("en_IN", UTF-8, parsed); will try to load it.
2022-10-09 10:04:37,654 DEBUG [TestNG-tests-1] cache:44 - TemplateLoader.findTemplateSource("spark/macros/attributes_en_IN.ftl"): Not found
2022-10-09 10:04:37,656 DEBUG [TestNG-tests-1] cache:44 - TemplateLoader.findTemplateSource("spark/macros/attributes_en.ftl"): Not found
2022-10-09 10:04:37,674 DEBUG [TestNG-tests-1] cache:44 - TemplateLoader.findTemplateSource("spark/macros/attributes.ftl"): Found
2022-10-09 10:04:37,674 DEBUG [TestNG-tests-1] cache:44 - Loading template for "spark/macros/attributes.ftl"("en_IN", UTF-8, parsed) from "jar:file:/C:/Users/lamee/.m2/repository/com/aventstack/extentreports/4.1.7/extentreports-4.1.7.jar!/com/aventstack/extentreports/view/spark/macros/attributes.ftl"
2022-10-09 10:04:37,678 DEBUG [TestNG-tests-1] cache:44 - Couldn't find template in cache for "spark/macros/log.ftl"("en_IN", UTF-8, parsed); will try to load it.
2022-10-09 10:04:37,679 DEBUG [TestNG-tests-1] cache:44 - TemplateLoader.findTemplateSource("spark/macros/log_en_IN.ftl"): Not found
2022-10-09 10:04:37,680 DEBUG [TestNG-tests-1] cache:44 - TemplateLoader.findTemplateSource("spark/macros/log_en.ftl"): Not found
2022-10-09 10:04:37,681 DEBUG [TestNG-tests-1] cache:44 - TemplateLoader.findTemplateSource("spark/macros/log.ftl"): Found
2022-10-09 10:04:37,682 DEBUG [TestNG-tests-1] cache:44 - Loading template for "spark/macros/log.ftl"("en_IN", UTF-8, parsed) from "jar:file:/C:/Users/lamee/.m2/repository/com/aventstack/extentreports/4.1.7/extentreports-4.1.7.jar!/com/aventstack/extentreports/view/spark/macros/log.ftl"
2022-10-09 10:04:37,686 DEBUG [TestNG-tests-1] cache:44 - Couldn't find template in cache for "spark/macros/recurse_nodes.ftl"("en_IN", UTF-8, parsed); will try to load it.
2022-10-09 10:04:37,687 DEBUG [TestNG-tests-1] cache:44 - TemplateLoader.findTemplateSource("spark/macros/recurse_nodes_en_IN.ftl"): Not found
2022-10-09 10:04:37,689 DEBUG [TestNG-tests-1] cache:44 - TemplateLoader.findTemplateSource("spark/macros/recurse_nodes_en.ftl"): Not found
2022-10-09 10:04:37,690 DEBUG [TestNG-tests-1] cache:44 - TemplateLoader.findTemplateSource("spark/macros/recurse_nodes.ftl"): Found
2022-10-09 10:04:37,690 DEBUG [TestNG-tests-1] cache:44 - Loading template for "spark/macros/recurse_nodes.ftl"("en_IN", UTF-8, parsed) from "jar:file:/C:/Users/lamee/.m2/repository/com/aventstack/extentreports/4.1.7/extentreports-4.1.7.jar!/com/aventstack/extentreports/view/spark/macros/recurse_nodes.ftl"
2022-10-09 10:04:37,696 DEBUG [TestNG-tests-1] cache:44 - "spark/macros/log.ftl"("en_IN", UTF-8, parsed) cached copy not yet stale; using cached.
2022-10-09 10:04:37,843 DEBUG [TestNG-tests-1] cache:44 - Couldn't find template in cache for "spark/partials/head.ftl"("en_IN", UTF-8, parsed); will try to load it.
2022-10-09 10:04:37,844 DEBUG [TestNG-tests-1] cache:44 - TemplateLoader.findTemplateSource("spark/partials/head_en_IN.ftl"): Not found
2022-10-09 10:04:37,844 DEBUG [TestNG-tests-1] cache:44 - TemplateLoader.findTemplateSource("spark/partials/head_en.ftl"): Not found
2022-10-09 10:04:37,844 DEBUG [TestNG-tests-1] cache:44 - TemplateLoader.findTemplateSource("spark/partials/head.ftl"): Found
2022-10-09 10:04:37,844 DEBUG [TestNG-tests-1] cache:44 - Loading template for "spark/partials/head.ftl"("en_IN", UTF-8, parsed) from "jar:file:/C:/Users/lamee/.m2/repository/com/aventstack/extentreports/4.1.7/extentreports-4.1.7.jar!/com/aventstack/extentreports/view/spark/partials/head.ftl"
2022-10-09 10:04:37,854 DEBUG [TestNG-tests-1] cache:44 - Couldn't find template in cache for "commons/commons-inject-css.ftl"("en_IN", UTF-8, parsed); will try to load it.
2022-10-09 10:04:37,855 DEBUG [TestNG-tests-1] cache:44 - TemplateLoader.findTemplateSource("commons/commons-inject-css_en_IN.ftl"): Not found
2022-10-09 10:04:37,953 DEBUG [TestNG-tests-1] cache:44 - TemplateLoader.findTemplateSource("commons/commons-inject-css_en.ftl"): Not found
2022-10-09 10:04:37,954 DEBUG [TestNG-tests-1] cache:44 - TemplateLoader.findTemplateSource("commons/commons-inject-css.ftl"): Found
2022-10-09 10:04:37,955 DEBUG [TestNG-tests-1] cache:44 - Loading template for "commons/commons-inject-css.ftl"("en_IN", UTF-8, parsed) from "jar:file:/C:/Users/lamee/.m2/repository/com/aventstack/extentreports/4.1.7/extentreports-4.1.7.jar!/com/aventstack/extentreports/view/commons/commons-inject-css.ftl"
2022-10-09 10:04:37,957 DEBUG [TestNG-tests-1] cache:44 - Couldn't find template in cache for "spark/partials/navbar.ftl"("en_IN", UTF-8, parsed); will try to load it.
2022-10-09 10:04:37,958 DEBUG [TestNG-tests-1] cache:44 - TemplateLoader.findTemplateSource("spark/partials/navbar_en_IN.ftl"): Not found
2022-10-09 10:04:38,028 DEBUG [TestNG-tests-1] cache:44 - TemplateLoader.findTemplateSource("spark/partials/navbar_en.ftl"): Not found
2022-10-09 10:04:38,031 DEBUG [TestNG-tests-1] cache:44 - TemplateLoader.findTemplateSource("spark/partials/navbar.ftl"): Found
2022-10-09 10:04:38,032 DEBUG [TestNG-tests-1] cache:44 - Loading template for "spark/partials/navbar.ftl"("en_IN", UTF-8, parsed) from "jar:file:/C:/Users/lamee/.m2/repository/com/aventstack/extentreports/4.1.7/extentreports-4.1.7.jar!/com/aventstack/extentreports/view/spark/partials/navbar.ftl"
2022-10-09 10:04:38,060 DEBUG [TestNG-tests-1] cache:44 - Couldn't find template in cache for "spark/partials/sidenav.ftl"("en_IN", UTF-8, parsed); will try to load it.
2022-10-09 10:04:38,061 DEBUG [TestNG-tests-1] cache:44 - TemplateLoader.findTemplateSource("spark/partials/sidenav_en_IN.ftl"): Not found
2022-10-09 10:04:38,063 DEBUG [TestNG-tests-1] cache:44 - TemplateLoader.findTemplateSource("spark/partials/sidenav_en.ftl"): Not found
2022-10-09 10:04:38,064 DEBUG [TestNG-tests-1] cache:44 - TemplateLoader.findTemplateSource("spark/partials/sidenav.ftl"): Found
2022-10-09 10:04:38,065 DEBUG [TestNG-tests-1] cache:44 - Loading template for "spark/partials/sidenav.ftl"("en_IN", UTF-8, parsed) from "jar:file:/C:/Users/lamee/.m2/repository/com/aventstack/extentreports/4.1.7/extentreports-4.1.7.jar!/com/aventstack/extentreports/view/spark/partials/sidenav.ftl"
2022-10-09 10:04:38,070 DEBUG [TestNG-tests-1] cache:44 - Couldn't find template in cache for "spark/partials/test.ftl"("en_IN", UTF-8, parsed); will try to load it.
2022-10-09 10:04:38,071 DEBUG [TestNG-tests-1] cache:44 - TemplateLoader.findTemplateSource("spark/partials/test_en_IN.ftl"): Not found
2022-10-09 10:04:38,073 DEBUG [TestNG-tests-1] cache:44 - TemplateLoader.findTemplateSource("spark/partials/test_en.ftl"): Not found
2022-10-09 10:04:38,074 DEBUG [TestNG-tests-1] cache:44 - TemplateLoader.findTemplateSource("spark/partials/test.ftl"): Found
2022-10-09 10:04:38,075 DEBUG [TestNG-tests-1] cache:44 - Loading template for "spark/partials/test.ftl"("en_IN", UTF-8, parsed) from "jar:file:/C:/Users/lamee/.m2/repository/com/aventstack/extentreports/4.1.7/extentreports-4.1.7.jar!/com/aventstack/extentreports/view/spark/partials/test.ftl"
2022-10-09 10:04:38,112 DEBUG [TestNG-tests-1] cache:44 - Couldn't find template in cache for "spark/partials/standard-content.ftl"("en_IN", UTF-8, parsed); will try to load it.
2022-10-09 10:04:38,112 DEBUG [TestNG-tests-1] cache:44 - TemplateLoader.findTemplateSource("spark/partials/standard-content_en_IN.ftl"): Not found
2022-10-09 10:04:38,142 DEBUG [TestNG-tests-1] cache:44 - TemplateLoader.findTemplateSource("spark/partials/standard-content_en.ftl"): Not found
2022-10-09 10:04:38,143 DEBUG [TestNG-tests-1] cache:44 - TemplateLoader.findTemplateSource("spark/partials/standard-content.ftl"): Found
2022-10-09 10:04:38,144 DEBUG [TestNG-tests-1] cache:44 - Loading template for "spark/partials/standard-content.ftl"("en_IN", UTF-8, parsed) from "jar:file:/C:/Users/lamee/.m2/repository/com/aventstack/extentreports/4.1.7/extentreports-4.1.7.jar!/com/aventstack/extentreports/view/spark/partials/standard-content.ftl"
2022-10-09 10:04:38,152 DEBUG [TestNG-tests-1] cache:44 - "spark/partials/standard-content.ftl"("en_IN", UTF-8, parsed) cached copy not yet stale; using cached.
2022-10-09 10:04:38,154 DEBUG [TestNG-tests-1] cache:44 - "spark/partials/standard-content.ftl"("en_IN", UTF-8, parsed) cached copy not yet stale; using cached.
2022-10-09 10:04:38,156 DEBUG [TestNG-tests-1] cache:44 - Couldn't find template in cache for "spark/partials/dashboard.ftl"("en_IN", UTF-8, parsed); will try to load it.
2022-10-09 10:04:38,156 DEBUG [TestNG-tests-1] cache:44 - TemplateLoader.findTemplateSource("spark/partials/dashboard_en_IN.ftl"): Not found
2022-10-09 10:04:38,157 DEBUG [TestNG-tests-1] cache:44 - TemplateLoader.findTemplateSource("spark/partials/dashboard_en.ftl"): Not found
2022-10-09 10:04:38,158 DEBUG [TestNG-tests-1] cache:44 - TemplateLoader.findTemplateSource("spark/partials/dashboard.ftl"): Found
2022-10-09 10:04:38,159 DEBUG [TestNG-tests-1] cache:44 - Loading template for "spark/partials/dashboard.ftl"("en_IN", UTF-8, parsed) from "jar:file:/C:/Users/lamee/.m2/repository/com/aventstack/extentreports/4.1.7/extentreports-4.1.7.jar!/com/aventstack/extentreports/view/spark/partials/dashboard.ftl"
2022-10-09 10:04:38,374 DEBUG [TestNG-tests-1] cache:44 - Couldn't find template in cache for "spark/partials/scripts.ftl"("en_IN", UTF-8, parsed); will try to load it.
2022-10-09 10:04:38,375 DEBUG [TestNG-tests-1] cache:44 - TemplateLoader.findTemplateSource("spark/partials/scripts_en_IN.ftl"): Not found
2022-10-09 10:04:38,375 DEBUG [TestNG-tests-1] cache:44 - TemplateLoader.findTemplateSource("spark/partials/scripts_en.ftl"): Not found
2022-10-09 10:04:38,376 DEBUG [TestNG-tests-1] cache:44 - TemplateLoader.findTemplateSource("spark/partials/scripts.ftl"): Found
2022-10-09 10:04:38,376 DEBUG [TestNG-tests-1] cache:44 - Loading template for "spark/partials/scripts.ftl"("en_IN", UTF-8, parsed) from "jar:file:/C:/Users/lamee/.m2/repository/com/aventstack/extentreports/4.1.7/extentreports-4.1.7.jar!/com/aventstack/extentreports/view/spark/partials/scripts.ftl"
2022-10-09 10:04:38,378 DEBUG [TestNG-tests-1] cache:44 - Couldn't find template in cache for "commons/commons-inject-js.ftl"("en_IN", UTF-8, parsed); will try to load it.
2022-10-09 10:04:38,379 DEBUG [TestNG-tests-1] cache:44 - TemplateLoader.findTemplateSource("commons/commons-inject-js_en_IN.ftl"): Not found
2022-10-09 10:04:38,379 DEBUG [TestNG-tests-1] cache:44 - TemplateLoader.findTemplateSource("commons/commons-inject-js_en.ftl"): Not found
2022-10-09 10:04:38,380 DEBUG [TestNG-tests-1] cache:44 - TemplateLoader.findTemplateSource("commons/commons-inject-js.ftl"): Found
2022-10-09 10:04:38,381 DEBUG [TestNG-tests-1] cache:44 - Loading template for "commons/commons-inject-js.ftl"("en_IN", UTF-8, parsed) from "jar:file:/C:/Users/lamee/.m2/repository/com/aventstack/extentreports/4.1.7/extentreports-4.1.7.jar!/com/aventstack/extentreports/view/commons/commons-inject-js.ftl"
